MATLAB is selecting SOFTWARE OPENGL rendering.

                            < M A T L A B (R) >
                  Copyright 1984-2013 The MathWorks, Inc.
                    R2013a (8.1.0.604) 64-bit (glnxa64)
                             February 15, 2013

 
To get started, type one of these: helpwin, helpdesk, or demo.
For product information, visit www.mathworks.com.
 
>> >> >> >> >> >> >> >> >> >> >> >> >> >> >> >> >> >> >> >> >> >> >> >> >> >> >> >> >> >> >> >> >> >> >> >> >> >> >> >> >> >> >> >> >> >> >> >> >> >> >> Computing ground truth indep...
>> >> >> ...finished in 8.858460e-01 seconds.
>> >> >> >> >> >> >> >> Testing 156 independent and 176 dependent CPDs, arity=5.
>> >> >> >> >> >> >> STARTING N=200.
Experiment #1, sampling from bayes net.
   Finished KCI, linear kernel, time = 7.491033e+00 seconds.
   Finished KCI, gaussian kernel, time = 9.245690e+00 seconds.
   Finished KCI, laplace kernel, time = 1.321560e+01 seconds.
   Finished KCI, heavytail kernel, time = 1.124185e+01 seconds.
   Finished partial correlation, time = 1.268495e+00 seconds.
   Finished conditional correlation, time = 3.910060e-01 seconds.
   Finished conditional mutual information, time = 1.988261e+01 seconds.
Time for experiment 1, N=200 is 6.273629e+01
Experiment #2, sampling from bayes net.
   Finished KCI, linear kernel, time = 1.147878e+01 seconds.
   Finished KCI, gaussian kernel, time = 1.370144e+01 seconds.
   Finished KCI, laplace kernel, time = 1.508869e+01 seconds.
   Finished KCI, heavytail kernel, time = 1.343618e+01 seconds.
   Finished partial correlation, time = 9.190680e-01 seconds.
   Finished conditional correlation, time = 3.723520e-01 seconds.
   Finished conditional mutual information, time = 2.009609e+01 seconds.
Time for experiment 2, N=200 is 7.509261e+01
Experiment #3, sampling from bayes net.
   Finished KCI, linear kernel, time = 1.215055e+01 seconds.
   Finished KCI, gaussian kernel, time = 1.461717e+01 seconds.
   Finished KCI, laplace kernel, time = 1.442090e+01 seconds.
   Finished KCI, heavytail kernel, time = 1.297963e+01 seconds.
   Finished partial correlation, time = 9.450520e-01 seconds.
   Finished conditional correlation, time = 3.927250e-01 seconds.
   Finished conditional mutual information, time = 1.990790e+01 seconds.
Time for experiment 3, N=200 is 7.541393e+01
Experiment #4, sampling from bayes net.
   Finished KCI, linear kernel, time = 1.246847e+01 seconds.
   Finished KCI, gaussian kernel, time = 1.496856e+01 seconds.
   Finished KCI, laplace kernel, time = 1.438315e+01 seconds.
   Finished KCI, heavytail kernel, time = 1.240678e+01 seconds.
   Finished partial correlation, time = 9.474240e-01 seconds.
   Finished conditional correlation, time = 3.640780e-01 seconds.
   Finished conditional mutual information, time = 2.008315e+01 seconds.
Time for experiment 4, N=200 is 7.562162e+01
Experiment #5, sampling from bayes net.
   Finished KCI, linear kernel, time = 1.286541e+01 seconds.
   Finished KCI, gaussian kernel, time = 1.451128e+01 seconds.
   Finished KCI, laplace kernel, time = 1.403188e+01 seconds.
   Finished KCI, heavytail kernel, time = 1.253061e+01 seconds.
   Finished partial correlation, time = 9.287390e-01 seconds.
   Finished conditional correlation, time = 3.700310e-01 seconds.
   Finished conditional mutual information, time = 2.097570e+01 seconds.
Time for experiment 5, N=200 is 7.621365e+01
Experiment #6, sampling from bayes net.
   Finished KCI, linear kernel, time = 1.206476e+01 seconds.
   Finished KCI, gaussian kernel, time = 1.465092e+01 seconds.
   Finished KCI, laplace kernel, time = 1.430581e+01 seconds.
   Finished KCI, heavytail kernel, time = 1.317432e+01 seconds.
   Finished partial correlation, time = 9.450980e-01 seconds.
   Finished conditional correlation, time = 3.869750e-01 seconds.
   Finished conditional mutual information, time = 2.006193e+01 seconds.
Time for experiment 6, N=200 is 7.558982e+01
Experiment #7, sampling from bayes net.
   Finished KCI, linear kernel, time = 1.243767e+01 seconds.
   Finished KCI, gaussian kernel, time = 1.453719e+01 seconds.
   Finished KCI, laplace kernel, time = 1.441387e+01 seconds.
   Finished KCI, heavytail kernel, time = 1.246419e+01 seconds.
   Finished partial correlation, time = 9.303520e-01 seconds.
   Finished conditional correlation, time = 3.554590e-01 seconds.
   Finished conditional mutual information, time = 2.087153e+01 seconds.
Time for experiment 7, N=200 is 7.601026e+01
Experiment #8, sampling from bayes net.
   Finished KCI, linear kernel, time = 1.273979e+01 seconds.
   Finished KCI, gaussian kernel, time = 1.483720e+01 seconds.
   Finished KCI, laplace kernel, time = 1.387433e+01 seconds.
   Finished KCI, heavytail kernel, time = 1.268232e+01 seconds.
   Finished partial correlation, time = 1.136263e+00 seconds.
   Finished conditional correlation, time = 4.618450e-01 seconds.
   Finished conditional mutual information, time = 2.215675e+01 seconds.
Time for experiment 8, N=200 is 7.788850e+01
Experiment #9, sampling from bayes net.
   Finished KCI, linear kernel, time = 1.234887e+01 seconds.
   Finished KCI, gaussian kernel, time = 1.418682e+01 seconds.
   Finished KCI, laplace kernel, time = 1.881226e+01 seconds.
   Finished KCI, heavytail kernel, time = 1.309835e+01 seconds.
   Finished partial correlation, time = 9.255510e-01 seconds.
   Finished conditional correlation, time = 3.581590e-01 seconds.
   Finished conditional mutual information, time = 2.002890e+01 seconds.
Time for experiment 9, N=200 is 7.975891e+01
Experiment #10, sampling from bayes net.
   Finished KCI, linear kernel, time = 1.221390e+01 seconds.
   Finished KCI, gaussian kernel, time = 1.445498e+01 seconds.
   Finished KCI, laplace kernel, time = 1.466100e+01 seconds.
   Finished KCI, heavytail kernel, time = 1.246846e+01 seconds.
   Finished partial correlation, time = 9.201810e-01 seconds.
   Finished conditional correlation, time = 3.581770e-01 seconds.
   Finished conditional mutual information, time = 2.173369e+01 seconds.
Time for experiment 10, N=200 is 7.681039e+01
Experiment #11, sampling from bayes net.
   Finished KCI, linear kernel, time = 1.279078e+01 seconds.
   Finished KCI, gaussian kernel, time = 1.509582e+01 seconds.
   Finished KCI, laplace kernel, time = 1.388508e+01 seconds.
   Finished KCI, heavytail kernel, time = 1.256378e+01 seconds.
   Finished partial correlation, time = 1.001298e+00 seconds.
   Finished conditional correlation, time = 3.662010e-01 seconds.
   Finished conditional mutual information, time = 2.014521e+01 seconds.
Time for experiment 11, N=200 is 7.584816e+01
Experiment #12, sampling from bayes net.
   Finished KCI, linear kernel, time = 1.262433e+01 seconds.
   Finished KCI, gaussian kernel, time = 1.432797e+01 seconds.
   Finished KCI, laplace kernel, time = 1.434554e+01 seconds.
   Finished KCI, heavytail kernel, time = 1.252890e+01 seconds.
   Finished partial correlation, time = 9.647380e-01 seconds.
   Finished conditional correlation, time = 3.818000e-01 seconds.
   Finished conditional mutual information, time = 2.054067e+01 seconds.
Time for experiment 12, N=200 is 7.571395e+01
Experiment #13, sampling from bayes net.
   Finished KCI, linear kernel, time = 1.812679e+01 seconds.
   Finished KCI, gaussian kernel, time = 1.471043e+01 seconds.
   Finished KCI, laplace kernel, time = 1.444040e+01 seconds.
   Finished KCI, heavytail kernel, time = 1.307149e+01 seconds.
   Finished partial correlation, time = 9.233750e-01 seconds.
   Finished conditional correlation, time = 3.799570e-01 seconds.
   Finished conditional mutual information, time = 2.014222e+01 seconds.
Time for experiment 13, N=200 is 8.179467e+01
Experiment #14, sampling from bayes net.
   Finished KCI, linear kernel, time = 1.257675e+01 seconds.
   Finished KCI, gaussian kernel, time = 1.531227e+01 seconds.
   Finished KCI, laplace kernel, time = 1.427560e+01 seconds.
   Finished KCI, heavytail kernel, time = 1.223444e+01 seconds.
   Finished partial correlation, time = 9.256450e-01 seconds.
   Finished conditional correlation, time = 3.709570e-01 seconds.
   Finished conditional mutual information, time = 2.053107e+01 seconds.
Time for experiment 14, N=200 is 7.622673e+01
Experiment #15, sampling from bayes net.
   Finished KCI, linear kernel, time = 1.295931e+01 seconds.
   Finished KCI, gaussian kernel, time = 1.466900e+01 seconds.
   Finished KCI, laplace kernel, time = 1.431525e+01 seconds.
   Finished KCI, heavytail kernel, time = 1.276103e+01 seconds.
   Finished partial correlation, time = 9.276180e-01 seconds.
   Finished conditional correlation, time = 3.756590e-01 seconds.
   Finished conditional mutual information, time = 2.010215e+01 seconds.
Time for experiment 15, N=200 is 7.611002e+01
Experiment #16, sampling from bayes net.
   Finished KCI, linear kernel, time = 1.198766e+01 seconds.
   Finished KCI, gaussian kernel, time = 1.456940e+01 seconds.
   Finished KCI, laplace kernel, time = 1.438223e+01 seconds.
   Finished KCI, heavytail kernel, time = 1.309638e+01 seconds.
   Finished partial correlation, time = 9.377510e-01 seconds.
   Finished conditional correlation, time = 3.959050e-01 seconds.
   Finished conditional mutual information, time = 2.057594e+01 seconds.
Time for experiment 16, N=200 is 7.594527e+01
Experiment #17, sampling from bayes net.
   Finished KCI, linear kernel, time = 1.239772e+01 seconds.
   Finished KCI, gaussian kernel, time = 1.513219e+01 seconds.
   Finished KCI, laplace kernel, time = 1.445627e+01 seconds.
   Finished KCI, heavytail kernel, time = 1.235501e+01 seconds.
   Finished partial correlation, time = 9.116480e-01 seconds.
   Finished conditional correlation, time = 3.746060e-01 seconds.
   Finished conditional mutual information, time = 2.002607e+01 seconds.
Time for experiment 17, N=200 is 7.565353e+01
Experiment #18, sampling from bayes net.
   Finished KCI, linear kernel, time = 1.275721e+01 seconds.
   Finished KCI, gaussian kernel, time = 1.457644e+01 seconds.
   Finished KCI, laplace kernel, time = 1.420974e+01 seconds.
   Finished KCI, heavytail kernel, time = 1.267268e+01 seconds.
   Finished partial correlation, time = 9.446100e-01 seconds.
   Finished conditional correlation, time = 3.662050e-01 seconds.
   Finished conditional mutual information, time = 2.025492e+01 seconds.
Time for experiment 18, N=200 is 7.578180e+01
Experiment #19, sampling from bayes net.
   Finished KCI, linear kernel, time = 1.217248e+01 seconds.
   Finished KCI, gaussian kernel, time = 1.441674e+01 seconds.
   Finished KCI, laplace kernel, time = 1.430968e+01 seconds.
   Finished KCI, heavytail kernel, time = 1.298822e+01 seconds.
   Finished partial correlation, time = 9.467260e-01 seconds.
   Finished conditional correlation, time = 3.728150e-01 seconds.
   Finished conditional mutual information, time = 1.997845e+01 seconds.
Time for experiment 19, N=200 is 7.518512e+01
Experiment #20, sampling from bayes net.
   Finished KCI, linear kernel, time = 1.266773e+01 seconds.
   Finished KCI, gaussian kernel, time = 1.471184e+01 seconds.
   Finished KCI, laplace kernel, time = 1.441265e+01 seconds.
   Finished KCI, heavytail kernel, time = 1.242083e+01 seconds.
   Finished partial correlation, time = 9.386930e-01 seconds.
   Finished conditional correlation, time = 3.791500e-01 seconds.
   Finished conditional mutual information, time = 2.006539e+01 seconds.
Time for experiment 20, N=200 is 7.559628e+01
Experiment #21, sampling from bayes net.
   Finished KCI, linear kernel, time = 1.259031e+01 seconds.
   Finished KCI, gaussian kernel, time = 1.485831e+01 seconds.
   Finished KCI, laplace kernel, time = 1.366517e+01 seconds.
   Finished KCI, heavytail kernel, time = 1.253421e+01 seconds.
   Finished partial correlation, time = 9.163260e-01 seconds.
   Finished conditional correlation, time = 3.750790e-01 seconds.
   Finished conditional mutual information, time = 2.090099e+01 seconds.
Time for experiment 21, N=200 is 7.584040e+01
Experiment #22, sampling from bayes net.
   Finished KCI, linear kernel, time = 1.772215e+01 seconds.
   Finished KCI, gaussian kernel, time = 2.464096e+01 seconds.
   Finished KCI, laplace kernel, time = 1.696499e+01 seconds.
   Finished KCI, heavytail kernel, time = 1.578369e+01 seconds.
   Finished partial correlation, time = 1.006687e+00 seconds.
   Finished conditional correlation, time = 4.096850e-01 seconds.
   Finished conditional mutual information, time = 2.131593e+01 seconds.
Time for experiment 22, N=200 is 9.784409e+01
Experiment #23, sampling from bayes net.
   Finished KCI, linear kernel, time = 1.595667e+01 seconds.
   Finished KCI, gaussian kernel, time = 1.764586e+01 seconds.
   Finished KCI, laplace kernel, time = 1.741772e+01 seconds.
   Finished KCI, heavytail kernel, time = 1.609265e+01 seconds.
   Finished partial correlation, time = 1.019176e+00 seconds.
   Finished conditional correlation, time = 4.184460e-01 seconds.
   Finished conditional mutual information, time = 2.193763e+01 seconds.
Time for experiment 23, N=200 is 9.048815e+01
Experiment #24, sampling from bayes net.
   Finished KCI, linear kernel, time = 1.560581e+01 seconds.
   Finished KCI, gaussian kernel, time = 1.850919e+01 seconds.
   Finished KCI, laplace kernel, time = 1.730821e+01 seconds.
   Finished KCI, heavytail kernel, time = 1.588211e+01 seconds.
   Finished partial correlation, time = 1.019926e+00 seconds.
   Finished conditional correlation, time = 3.824380e-01 seconds.
   Finished conditional mutual information, time = 2.145842e+01 seconds.
Time for experiment 24, N=200 is 9.016610e+01
Experiment #25, sampling from bayes net.
   Finished KCI, linear kernel, time = 1.611481e+01 seconds.
   Finished KCI, gaussian kernel, time = 1.940238e+01 seconds.
   Finished KCI, laplace kernel, time = 2.043370e+01 seconds.
   Finished KCI, heavytail kernel, time = 1.838973e+01 seconds.
   Finished partial correlation, time = 1.105195e+00 seconds.
   Finished conditional correlation, time = 4.301100e-01 seconds.
   Finished conditional mutual information, time = 2.233409e+01 seconds.
Time for experiment 25, N=200 is 9.821002e+01
Experiment #26, sampling from bayes net.
   Finished KCI, linear kernel, time = 1.883573e+01 seconds.
   Finished KCI, gaussian kernel, time = 2.198071e+01 seconds.
   Finished KCI, laplace kernel, time = 2.037419e+01 seconds.
   Finished KCI, heavytail kernel, time = 1.894024e+01 seconds.
   Finished partial correlation, time = 1.204333e+00 seconds.
   Finished conditional correlation, time = 4.195040e-01 seconds.
   Finished conditional mutual information, time = 2.211203e+01 seconds.
Time for experiment 26, N=200 is 1.038667e+02
Experiment #27, sampling from bayes net.
   Finished KCI, linear kernel, time = 1.632679e+01 seconds.
   Finished KCI, gaussian kernel, time = 2.262447e+01 seconds.
   Finished KCI, laplace kernel, time = 2.057036e+01 seconds.
   Finished KCI, heavytail kernel, time = 1.856034e+01 seconds.
   Finished partial correlation, time = 1.137528e+00 seconds.
   Finished conditional correlation, time = 4.256170e-01 seconds.
   Finished conditional mutual information, time = 2.240012e+01 seconds.
Time for experiment 27, N=200 is 1.020452e+02
Experiment #28, sampling from bayes net.
   Finished KCI, linear kernel, time = 1.930489e+01 seconds.
   Finished KCI, gaussian kernel, time = 2.274778e+01 seconds.
   Finished KCI, laplace kernel, time = 2.063776e+01 seconds.
   Finished KCI, heavytail kernel, time = 1.833043e+01 seconds.
   Finished partial correlation, time = 1.083096e+00 seconds.
   Finished conditional correlation, time = 4.027860e-01 seconds.
   Finished conditional mutual information, time = 2.248707e+01 seconds.
Time for experiment 28, N=200 is 1.049938e+02
Experiment #29, sampling from bayes net.
   Finished KCI, linear kernel, time = 1.900058e+01 seconds.
   Finished KCI, gaussian kernel, time = 2.270605e+01 seconds.
   Finished KCI, laplace kernel, time = 1.965851e+01 seconds.
   Finished KCI, heavytail kernel, time = 1.864552e+01 seconds.
   Finished partial correlation, time = 1.111333e+00 seconds.
   Finished conditional correlation, time = 4.188690e-01 seconds.
   Finished conditional mutual information, time = 2.218610e+01 seconds.
Time for experiment 29, N=200 is 1.037270e+02
Experiment #30, sampling from bayes net.
   Finished KCI, linear kernel, time = 1.933496e+01 seconds.
   Finished KCI, gaussian kernel, time = 2.189766e+01 seconds.
   Finished KCI, laplace kernel, time = 2.082557e+01 seconds.
   Finished KCI, heavytail kernel, time = 1.766882e+01 seconds.
   Finished partial correlation, time = 1.017898e+00 seconds.
   Finished conditional correlation, time = 4.173060e-01 seconds.
   Finished conditional mutual information, time = 2.227676e+01 seconds.
Time for experiment 30, N=200 is 1.034390e+02
STARTING N=400.
Experiment #1, sampling from bayes net.
   Finished KCI, linear kernel, time = 4.812547e+01 seconds.
   Finished KCI, gaussian kernel, time = 5.696301e+01 seconds.
   Finished KCI, laplace kernel, time = 5.096576e+01 seconds.
   Finished KCI, heavytail kernel, time = 5.127541e+01 seconds.
   Finished partial correlation, time = 1.080244e+00 seconds.
   Finished conditional correlation, time = 4.927670e-01 seconds.
   Finished conditional mutual information, time = 2.280489e+01 seconds.
Time for experiment 1, N=400 is 2.317076e+02
Experiment #2, sampling from bayes net.
   Finished KCI, linear kernel, time = 4.797483e+01 seconds.
   Finished KCI, gaussian kernel, time = 5.662193e+01 seconds.
   Finished KCI, laplace kernel, time = 5.044024e+01 seconds.
   Finished KCI, heavytail kernel, time = 5.188510e+01 seconds.
   Finished partial correlation, time = 1.121056e+00 seconds.
   Finished conditional correlation, time = 5.266620e-01 seconds.
   Finished conditional mutual information, time = 2.284340e+01 seconds.
Time for experiment 2, N=400 is 2.314132e+02
Experiment #3, sampling from bayes net.
   Finished KCI, linear kernel, time = 4.690183e+01 seconds.
   Finished KCI, gaussian kernel, time = 5.787835e+01 seconds.
   Finished KCI, laplace kernel, time = 4.881878e+01 seconds.
   Finished KCI, heavytail kernel, time = 5.245407e+01 seconds.
   Finished partial correlation, time = 1.013712e+00 seconds.
   Finished conditional correlation, time = 4.515280e-01 seconds.
   Finished conditional mutual information, time = 2.195761e+01 seconds.
Time for experiment 3, N=400 is 2.294759e+02
Experiment #4, sampling from bayes net.
   Finished KCI, linear kernel, time = 4.728617e+01 seconds.
   Finished KCI, gaussian kernel, time = 5.777024e+01 seconds.
   Finished KCI, laplace kernel, time = 4.938728e+01 seconds.
   Finished KCI, heavytail kernel, time = 5.155538e+01 seconds.
   Finished partial correlation, time = 1.150623e+00 seconds.
   Finished conditional correlation, time = 4.795270e-01 seconds.
   Finished conditional mutual information, time = 2.352913e+01 seconds.
Time for experiment 4, N=400 is 2.311584e+02
Experiment #5, sampling from bayes net.
   Finished KCI, linear kernel, time = 4.731832e+01 seconds.
   Finished KCI, gaussian kernel, time = 5.635807e+01 seconds.
   Finished KCI, laplace kernel, time = 5.017956e+01 seconds.
   Finished KCI, heavytail kernel, time = 5.217272e+01 seconds.
   Finished partial correlation, time = 1.105592e+00 seconds.
   Finished conditional correlation, time = 4.636620e-01 seconds.
   Finished conditional mutual information, time = 2.318764e+01 seconds.
Time for experiment 5, N=400 is 2.307856e+02
Experiment #6, sampling from bayes net.
   Finished KCI, linear kernel, time = 4.711838e+01 seconds.
   Finished KCI, gaussian kernel, time = 5.632764e+01 seconds.
   Finished KCI, laplace kernel, time = 5.013671e+01 seconds.
   Finished KCI, heavytail kernel, time = 5.274767e+01 seconds.
   Finished partial correlation, time = 1.214179e+00 seconds.
   Finished conditional correlation, time = 4.790480e-01 seconds.
   Finished conditional mutual information, time = 2.343922e+01 seconds.
Time for experiment 6, N=400 is 2.314629e+02
Experiment #7, sampling from bayes net.
   Finished KCI, linear kernel, time = 4.483995e+01 seconds.
   Finished KCI, gaussian kernel, time = 5.739440e+01 seconds.
   Finished KCI, laplace kernel, time = 5.045582e+01 seconds.
   Finished KCI, heavytail kernel, time = 5.312121e+01 seconds.
   Finished partial correlation, time = 1.121817e+00 seconds.
   Finished conditional correlation, time = 4.663320e-01 seconds.
   Finished conditional mutual information, time = 2.421282e+01 seconds.
Time for experiment 7, N=400 is 2.316124e+02
Experiment #8, sampling from bayes net.
   Finished KCI, linear kernel, time = 4.969281e+01 seconds.
   Finished KCI, gaussian kernel, time = 6.123076e+01 seconds.
   Finished KCI, laplace kernel, time = 5.677606e+01 seconds.
   Finished KCI, heavytail kernel, time = 5.794107e+01 seconds.
   Finished partial correlation, time = 1.246134e+00 seconds.
   Finished conditional correlation, time = 4.300870e-01 seconds.
   Finished conditional mutual information, time = 2.316266e+01 seconds.
Time for experiment 8, N=400 is 2.504796e+02
Experiment #9, sampling from bayes net.
   Finished KCI, linear kernel, time = 5.130644e+01 seconds.
   Finished KCI, gaussian kernel, time = 6.321458e+01 seconds.
   Finished KCI, laplace kernel, time = 5.836353e+01 seconds.
   Finished KCI, heavytail kernel, time = 6.298505e+01 seconds.
   Finished partial correlation, time = 1.283384e+00 seconds.
   Finished conditional correlation, time = 4.702690e-01 seconds.
   Finished conditional mutual information, time = 2.346069e+01 seconds.
Time for experiment 9, N=400 is 2.610839e+02
Experiment #10, sampling from bayes net.
   Finished KCI, linear kernel, time = 5.430063e+01 seconds.
   Finished KCI, gaussian kernel, time = 6.428665e+01 seconds.
   Finished KCI, laplace kernel, time = 5.777201e+01 seconds.
   Finished KCI, heavytail kernel, time = 5.809628e+01 seconds.
   Finished partial correlation, time = 1.160053e+00 seconds.
   Finished conditional correlation, time = 4.952810e-01 seconds.
   Finished conditional mutual information, time = 2.344391e+01 seconds.
Time for experiment 10, N=400 is 2.595548e+02
Experiment #11, sampling from bayes net.
   Finished KCI, linear kernel, time = 5.314995e+01 seconds.
   Finished KCI, gaussian kernel, time = 6.524124e+01 seconds.
   Finished KCI, laplace kernel, time = 5.983113e+01 seconds.
   Finished KCI, heavytail kernel, time = 6.359462e+01 seconds.
   Finished partial correlation, time = 1.360982e+00 seconds.
   Finished conditional correlation, time = 4.681770e-01 seconds.
   Finished conditional mutual information, time = 2.344793e+01 seconds.
Time for experiment 11, N=400 is 2.670940e+02
Experiment #12, sampling from bayes net.
   Finished KCI, linear kernel, time = 6.066942e+01 seconds.
   Finished KCI, gaussian kernel, time = 7.562430e+01 seconds.
   Finished KCI, laplace kernel, time = 6.597009e+01 seconds.
   Finished KCI, heavytail kernel, time = 6.220464e+01 seconds.
   Finished partial correlation, time = 1.347207e+00 seconds.
   Finished conditional correlation, time = 4.767470e-01 seconds.
   Finished conditional mutual information, time = 2.423829e+01 seconds.
Time for experiment 12, N=400 is 2.905307e+02
Experiment #13, sampling from bayes net.
   Finished KCI, linear kernel, time = 6.076029e+01 seconds.
   Finished KCI, gaussian kernel, time = 7.449757e+01 seconds.
   Finished KCI, laplace kernel, time = 6.666324e+01 seconds.
   Finished KCI, heavytail kernel, time = 6.297982e+01 seconds.
   Finished partial correlation, time = 1.365880e+00 seconds.
   Finished conditional correlation, time = 4.820940e-01 seconds.
   Finished conditional mutual information, time = 2.291831e+01 seconds.
Time for experiment 13, N=400 is 2.896672e+02
Experiment #14, sampling from bayes net.
   Finished KCI, linear kernel, time = 6.239936e+01 seconds.
   Finished KCI, gaussian kernel, time = 7.461885e+01 seconds.
   Finished KCI, laplace kernel, time = 6.634717e+01 seconds.
   Finished KCI, heavytail kernel, time = 6.089101e+01 seconds.
   Finished partial correlation, time = 1.367786e+00 seconds.
   Finished conditional correlation, time = 4.460980e-01 seconds.
   Finished conditional mutual information, time = 2.371402e+01 seconds.
Time for experiment 14, N=400 is 2.897843e+02
Experiment #15, sampling from bayes net.
   Finished KCI, linear kernel, time = 6.122184e+01 seconds.
   Finished KCI, gaussian kernel, time = 7.438745e+01 seconds.
   Finished KCI, laplace kernel, time = 6.542581e+01 seconds.
   Finished KCI, heavytail kernel, time = 5.903582e+01 seconds.
   Finished partial correlation, time = 1.281813e+00 seconds.
   Finished conditional correlation, time = 4.939020e-01 seconds.
   Finished conditional mutual information, time = 2.341460e+01 seconds.
Time for experiment 15, N=400 is 2.852612e+02
Experiment #16, sampling from bayes net.
   Finished KCI, linear kernel, time = 6.178320e+01 seconds.
   Finished KCI, gaussian kernel, time = 7.210884e+01 seconds.
   Finished KCI, laplace kernel, time = 6.678467e+01 seconds.
   Finished KCI, heavytail kernel, time = 5.976455e+01 seconds.
   Finished partial correlation, time = 1.363989e+00 seconds.
   Finished conditional correlation, time = 4.854250e-01 seconds.
   Finished conditional mutual information, time = 2.347500e+01 seconds.
Time for experiment 16, N=400 is 2.857657e+02
Experiment #17, sampling from bayes net.
   Finished KCI, linear kernel, time = 6.173874e+01 seconds.
   Finished KCI, gaussian kernel, time = 7.445616e+01 seconds.
   Finished KCI, laplace kernel, time = 6.541144e+01 seconds.
   Finished KCI, heavytail kernel, time = 6.092046e+01 seconds.
   Finished partial correlation, time = 1.390314e+00 seconds.
   Finished conditional correlation, time = 4.966500e-01 seconds.
   Finished conditional mutual information, time = 2.321132e+01 seconds.
Time for experiment 17, N=400 is 2.876251e+02
Experiment #18, sampling from bayes net.
   Finished KCI, linear kernel, time = 6.171072e+01 seconds.
   Finished KCI, gaussian kernel, time = 8.074536e+01 seconds.
   Finished KCI, laplace kernel, time = 6.479914e+01 seconds.
   Finished KCI, heavytail kernel, time = 6.011609e+01 seconds.
   Finished partial correlation, time = 1.275900e+00 seconds.
   Finished conditional correlation, time = 4.785670e-01 seconds.
   Finished conditional mutual information, time = 2.295003e+01 seconds.
Time for experiment 18, N=400 is 2.920758e+02
Experiment #19, sampling from bayes net.
   Finished KCI, linear kernel, time = 6.148441e+01 seconds.
   Finished KCI, gaussian kernel, time = 7.159050e+01 seconds.
   Finished KCI, laplace kernel, time = 6.470353e+01 seconds.
   Finished KCI, heavytail kernel, time = 6.077980e+01 seconds.
   Finished partial correlation, time = 1.288179e+00 seconds.
   Finished conditional correlation, time = 4.279250e-01 seconds.
   Finished conditional mutual information, time = 2.359552e+01 seconds.
Time for experiment 19, N=400 is 2.838699e+02
Experiment #20, sampling from bayes net.
   Finished KCI, linear kernel, time = 6.172860e+01 seconds.
   Finished KCI, gaussian kernel, time = 7.144534e+01 seconds.
   Finished KCI, laplace kernel, time = 6.416384e+01 seconds.
   Finished KCI, heavytail kernel, time = 6.526224e+01 seconds.
   Finished partial correlation, time = 1.333951e+00 seconds.
   Finished conditional correlation, time = 4.432850e-01 seconds.
   Finished conditional mutual information, time = 2.389623e+01 seconds.
Time for experiment 20, N=400 is 2.882735e+02
Experiment #21, sampling from bayes net.
   Finished KCI, linear kernel, time = 6.132580e+01 seconds.
   Finished KCI, gaussian kernel, time = 7.200570e+01 seconds.
   Finished KCI, laplace kernel, time = 6.607289e+01 seconds.
   Finished KCI, heavytail kernel, time = 6.157500e+01 seconds.
   Finished partial correlation, time = 1.362174e+00 seconds.
   Finished conditional correlation, time = 4.741410e-01 seconds.
   Finished conditional mutual information, time = 2.302730e+01 seconds.
Time for experiment 21, N=400 is 2.858430e+02
Experiment #22, sampling from bayes net.
   Finished KCI, linear kernel, time = 6.194668e+01 seconds.
   Finished KCI, gaussian kernel, time = 7.260463e+01 seconds.
   Finished KCI, laplace kernel, time = 6.537539e+01 seconds.
   Finished KCI, heavytail kernel, time = 6.178812e+01 seconds.
   Finished partial correlation, time = 1.355250e+00 seconds.
   Finished conditional correlation, time = 4.728400e-01 seconds.
   Finished conditional mutual information, time = 2.332813e+01 seconds.
Time for experiment 22, N=400 is 2.868711e+02
Experiment #23, sampling from bayes net.
   Finished KCI, linear kernel, time = 6.072507e+01 seconds.
   Finished KCI, gaussian kernel, time = 7.330105e+01 seconds.
   Finished KCI, laplace kernel, time = 6.615448e+01 seconds.
   Finished KCI, heavytail kernel, time = 6.026723e+01 seconds.
   Finished partial correlation, time = 1.338161e+00 seconds.
   Finished conditional correlation, time = 4.566450e-01 seconds.
   Finished conditional mutual information, time = 2.315001e+01 seconds.
Time for experiment 23, N=400 is 2.853927e+02
Experiment #24, sampling from bayes net.
   Finished KCI, linear kernel, time = 6.087979e+01 seconds.
   Finished KCI, gaussian kernel, time = 7.222668e+01 seconds.
   Finished KCI, laplace kernel, time = 6.704927e+01 seconds.
   Finished KCI, heavytail kernel, time = 6.138983e+01 seconds.
   Finished partial correlation, time = 1.389621e+00 seconds.
   Finished conditional correlation, time = 4.876480e-01 seconds.
   Finished conditional mutual information, time = 2.340228e+01 seconds.
Time for experiment 24, N=400 is 2.868251e+02
Experiment #25, sampling from bayes net.
   Finished KCI, linear kernel, time = 6.190820e+01 seconds.
   Finished KCI, gaussian kernel, time = 7.327685e+01 seconds.
   Finished KCI, laplace kernel, time = 6.542541e+01 seconds.
   Finished KCI, heavytail kernel, time = 6.592339e+01 seconds.
   Finished partial correlation, time = 1.516488e+00 seconds.
   Finished conditional correlation, time = 5.250400e-01 seconds.
   Finished conditional mutual information, time = 2.428198e+01 seconds.
Time for experiment 25, N=400 is 2.928574e+02
Experiment #26, sampling from bayes net.
   Finished KCI, linear kernel, time = 6.656048e+01 seconds.
   Finished KCI, gaussian kernel, time = 7.726345e+01 seconds.
   Finished KCI, laplace kernel, time = 6.999850e+01 seconds.
   Finished KCI, heavytail kernel, time = 6.296586e+01 seconds.
   Finished partial correlation, time = 1.244143e+00 seconds.
   Finished conditional correlation, time = 4.865080e-01 seconds.
   Finished conditional mutual information, time = 2.388661e+01 seconds.
Time for experiment 26, N=400 is 3.024056e+02
Experiment #27, sampling from bayes net.
   Finished KCI, linear kernel, time = 6.501981e+01 seconds.
   Finished KCI, gaussian kernel, time = 7.740177e+01 seconds.
   Finished KCI, laplace kernel, time = 6.940866e+01 seconds.
   Finished KCI, heavytail kernel, time = 6.721500e+01 seconds.
   Finished partial correlation, time = 1.211384e+00 seconds.
   Finished conditional correlation, time = 4.777720e-01 seconds.
   Finished conditional mutual information, time = 2.377353e+01 seconds.
Time for experiment 27, N=400 is 3.045079e+02
Experiment #28, sampling from bayes net.
   Finished KCI, linear kernel, time = 6.536424e+01 seconds.
   Finished KCI, gaussian kernel, time = 7.780085e+01 seconds.
   Finished KCI, laplace kernel, time = 6.869541e+01 seconds.
   Finished KCI, heavytail kernel, time = 6.588535e+01 seconds.
   Finished partial correlation, time = 1.172416e+00 seconds.
   Finished conditional correlation, time = 4.721470e-01 seconds.
   Finished conditional mutual information, time = 2.333516e+01 seconds.
Time for experiment 28, N=400 is 3.027256e+02
Experiment #29, sampling from bayes net.
   Finished KCI, linear kernel, time = 6.499957e+01 seconds.
   Finished KCI, gaussian kernel, time = 7.706165e+01 seconds.
   Finished KCI, laplace kernel, time = 6.765254e+01 seconds.
   Finished KCI, heavytail kernel, time = 6.747034e+01 seconds.
   Finished partial correlation, time = 1.308482e+00 seconds.
   Finished conditional correlation, time = 5.132860e-01 seconds.
   Finished conditional mutual information, time = 2.318033e+01 seconds.
Time for experiment 29, N=400 is 3.021862e+02
Experiment #30, sampling from bayes net.
   Finished KCI, linear kernel, time = 6.745995e+01 seconds.
   Finished KCI, gaussian kernel, time = 7.705161e+01 seconds.
   Finished KCI, laplace kernel, time = 7.006897e+01 seconds.
   Finished KCI, heavytail kernel, time = 8.129395e+01 seconds.
   Finished partial correlation, time = 1.602304e+00 seconds.
   Finished conditional correlation, time = 4.469610e-01 seconds.
   Finished conditional mutual information, time = 2.348385e+01 seconds.
Time for experiment 30, N=400 is 3.214076e+02
STARTING N=600.
Experiment #1, sampling from bayes net.
   Finished KCI, linear kernel, time = 1.608427e+02 seconds.
   Finished KCI, gaussian kernel, time = 1.533620e+02 seconds.
   Finished KCI, laplace kernel, time = 1.439825e+02 seconds.
   Finished KCI, heavytail kernel, time = 1.442189e+02 seconds.
   Finished partial correlation, time = 1.458427e+00 seconds.
   Finished conditional correlation, time = 7.106170e-01 seconds.
   Finished conditional mutual information, time = 2.356098e+01 seconds.
Time for experiment 1, N=600 is 6.281361e+02
Experiment #2, sampling from bayes net.
   Finished KCI, linear kernel, time = 1.288022e+02 seconds.
   Finished KCI, gaussian kernel, time = 1.410812e+02 seconds.
   Finished KCI, laplace kernel, time = 1.439198e+02 seconds.
   Finished KCI, heavytail kernel, time = 1.366272e+02 seconds.
   Finished partial correlation, time = 1.431545e+00 seconds.
   Finished conditional correlation, time = 6.950250e-01 seconds.
   Finished conditional mutual information, time = 2.406828e+01 seconds.
Time for experiment 2, N=600 is 5.766252e+02
Experiment #3, sampling from bayes net.
   Finished KCI, linear kernel, time = 1.299649e+02 seconds.
   Finished KCI, gaussian kernel, time = 1.470689e+02 seconds.
   Finished KCI, laplace kernel, time = 1.494699e+02 seconds.
   Finished KCI, heavytail kernel, time = 1.476343e+02 seconds.
   Finished partial correlation, time = 1.562419e+00 seconds.
   Finished conditional correlation, time = 7.005140e-01 seconds.
   Finished conditional mutual information, time = 2.377219e+01 seconds.
Time for experiment 3, N=600 is 6.001730e+02
Experiment #4, sampling from bayes net.
   Finished KCI, linear kernel, time = 1.406130e+02 seconds.
   Finished KCI, gaussian kernel, time = 1.441903e+02 seconds.
   Finished KCI, laplace kernel, time = 1.532160e+02 seconds.
   Finished KCI, heavytail kernel, time = 1.438338e+02 seconds.
   Finished partial correlation, time = 1.524916e+00 seconds.
   Finished conditional correlation, time = 7.188950e-01 seconds.
   Finished conditional mutual information, time = 2.436340e+01 seconds.
Time for experiment 4, N=600 is 6.084604e+02
Experiment #5, sampling from bayes net.
   Finished KCI, linear kernel, time = 1.398552e+02 seconds.
   Finished KCI, gaussian kernel, time = 1.543519e+02 seconds.
   Finished KCI, laplace kernel, time = 1.536182e+02 seconds.
   Finished KCI, heavytail kernel, time = 1.513694e+02 seconds.
   Finished partial correlation, time = 1.574596e+00 seconds.
   Finished conditional correlation, time = 6.762220e-01 seconds.
   Finished conditional mutual information, time = 2.405768e+01 seconds.
Time for experiment 5, N=600 is 6.255031e+02
Experiment #6, sampling from bayes net.
   Finished KCI, linear kernel, time = 1.386442e+02 seconds.
   Finished KCI, gaussian kernel, time = 1.499921e+02 seconds.
   Finished KCI, laplace kernel, time = 1.480648e+02 seconds.
   Finished KCI, heavytail kernel, time = 1.468015e+02 seconds.
   Finished partial correlation, time = 1.527000e+00 seconds.
   Finished conditional correlation, time = 6.886320e-01 seconds.
   Finished conditional mutual information, time = 2.336379e+01 seconds.
Time for experiment 6, N=600 is 6.090820e+02
Experiment #7, sampling from bayes net.
   Finished KCI, linear kernel, time = 1.414852e+02 seconds.
   Finished KCI, gaussian kernel, time = 1.683721e+02 seconds.
   Finished KCI, laplace kernel, time = 1.630190e+02 seconds.
   Finished KCI, heavytail kernel, time = 1.651768e+02 seconds.
   Finished partial correlation, time = 1.659620e+00 seconds.
   Finished conditional correlation, time = 7.119330e-01 seconds.
   Finished conditional mutual information, time = 2.445320e+01 seconds.
Time for experiment 7, N=600 is 6.648779e+02
Experiment #8, sampling from bayes net.
   Finished KCI, linear kernel, time = 1.447336e+02 seconds.
   Finished KCI, gaussian kernel, time = 1.638471e+02 seconds.
   Finished KCI, laplace kernel, time = 1.587267e+02 seconds.
   Finished KCI, heavytail kernel, time = 1.559867e+02 seconds.
   Finished partial correlation, time = 1.707683e+00 seconds.
   Finished conditional correlation, time = 7.581640e-01 seconds.
   Finished conditional mutual information, time = 2.521032e+01 seconds.
Time for experiment 8, N=600 is 6.509703e+02
Experiment #9, sampling from bayes net.
   Finished KCI, linear kernel, time = 1.436700e+02 seconds.
   Finished KCI, gaussian kernel, time = 1.709551e+02 seconds.
   Finished KCI, laplace kernel, time = 1.626355e+02 seconds.
   Finished KCI, heavytail kernel, time = 1.620067e+02 seconds.
   Finished partial correlation, time = 1.671736e+00 seconds.
   Finished conditional correlation, time = 7.443640e-01 seconds.
   Finished conditional mutual information, time = 2.436326e+01 seconds.
Time for experiment 9, N=600 is 6.660467e+02
Experiment #10, sampling from bayes net.
   Finished KCI, linear kernel, time = 1.422069e+02 seconds.
   Finished KCI, gaussian kernel, time = 1.661277e+02 seconds.
   Finished KCI, laplace kernel, time = 1.619240e+02 seconds.
   Finished KCI, heavytail kernel, time = 1.546169e+02 seconds.
   Finished partial correlation, time = 1.716949e+00 seconds.
   Finished conditional correlation, time = 7.602540e-01 seconds.
   Finished conditional mutual information, time = 2.425690e+01 seconds.
Time for experiment 10, N=600 is 6.516097e+02
Experiment #11, sampling from bayes net.
   Finished KCI, linear kernel, time = 1.455285e+02 seconds.
   Finished KCI, gaussian kernel, time = 1.712867e+02 seconds.
   Finished KCI, laplace kernel, time = 1.630698e+02 seconds.
   Finished KCI, heavytail kernel, time = 1.604099e+02 seconds.
   Finished partial correlation, time = 1.678284e+00 seconds.
   Finished conditional correlation, time = 8.017290e-01 seconds.
   Finished conditional mutual information, time = 2.416376e+01 seconds.
Time for experiment 11, N=600 is 6.669386e+02
Experiment #12, sampling from bayes net.
   Finished KCI, linear kernel, time = 1.443243e+02 seconds.
   Finished KCI, gaussian kernel, time = 1.649867e+02 seconds.
   Finished KCI, laplace kernel, time = 1.611910e+02 seconds.
   Finished KCI, heavytail kernel, time = 1.556731e+02 seconds.
   Finished partial correlation, time = 1.645098e+00 seconds.
   Finished conditional correlation, time = 7.950560e-01 seconds.
   Finished conditional mutual information, time = 2.488852e+01 seconds.
Time for experiment 12, N=600 is 6.535039e+02
Experiment #13, sampling from bayes net.
   Finished KCI, linear kernel, time = 1.445987e+02 seconds.
   Finished KCI, gaussian kernel, time = 1.703534e+02 seconds.
   Finished KCI, laplace kernel, time = 1.638582e+02 seconds.
   Finished KCI, heavytail kernel, time = 1.619692e+02 seconds.
   Finished partial correlation, time = 1.599700e+00 seconds.
   Finished conditional correlation, time = 6.586730e-01 seconds.
   Finished conditional mutual information, time = 2.411841e+01 seconds.
Time for experiment 13, N=600 is 6.671562e+02
Experiment #14, sampling from bayes net.
   Finished KCI, linear kernel, time = 1.447718e+02 seconds.
   Finished KCI, gaussian kernel, time = 1.619675e+02 seconds.
   Finished KCI, laplace kernel, time = 1.626610e+02 seconds.
   Finished KCI, heavytail kernel, time = 1.557862e+02 seconds.
   Finished partial correlation, time = 1.576542e+00 seconds.
   Finished conditional correlation, time = 7.290150e-01 seconds.
   Finished conditional mutual information, time = 2.468773e+01 seconds.
Time for experiment 14, N=600 is 6.521799e+02
Experiment #15, sampling from bayes net.
   Finished KCI, linear kernel, time = 1.436250e+02 seconds.
   Finished KCI, gaussian kernel, time = 1.690886e+02 seconds.
   Finished KCI, laplace kernel, time = 1.648043e+02 seconds.
   Finished KCI, heavytail kernel, time = 1.620555e+02 seconds.
   Finished partial correlation, time = 1.536974e+00 seconds.
   Finished conditional correlation, time = 7.593520e-01 seconds.
   Finished conditional mutual information, time = 2.465251e+01 seconds.
Time for experiment 15, N=600 is 6.665223e+02
Experiment #16, sampling from bayes net.
   Finished KCI, linear kernel, time = 1.448376e+02 seconds.
   Finished KCI, gaussian kernel, time = 1.636857e+02 seconds.
   Finished KCI, laplace kernel, time = 1.622230e+02 seconds.
   Finished KCI, heavytail kernel, time = 1.562949e+02 seconds.
   Finished partial correlation, time = 1.508650e+00 seconds.
   Finished conditional correlation, time = 7.448030e-01 seconds.
   Finished conditional mutual information, time = 2.471502e+01 seconds.
Time for experiment 16, N=600 is 6.540097e+02
Experiment #17, sampling from bayes net.
   Finished KCI, linear kernel, time = 1.485082e+02 seconds.
   Finished KCI, gaussian kernel, time = 1.667469e+02 seconds.
   Finished KCI, laplace kernel, time = 1.623171e+02 seconds.
   Finished KCI, heavytail kernel, time = 1.620225e+02 seconds.
   Finished partial correlation, time = 1.558327e+00 seconds.
   Finished conditional correlation, time = 6.916720e-01 seconds.
   Finished conditional mutual information, time = 2.516820e+01 seconds.
Time for experiment 17, N=600 is 6.670130e+02
Experiment #18, sampling from bayes net.
   Finished KCI, linear kernel, time = 1.472224e+02 seconds.
   Finished KCI, gaussian kernel, time = 1.606465e+02 seconds.
   Finished KCI, laplace kernel, time = 1.598038e+02 seconds.
   Finished KCI, heavytail kernel, time = 1.585167e+02 seconds.
   Finished partial correlation, time = 1.494900e+00 seconds.
   Finished conditional correlation, time = 6.747530e-01 seconds.
   Finished conditional mutual information, time = 2.463096e+01 seconds.
Time for experiment 18, N=600 is 6.529901e+02
Experiment #19, sampling from bayes net.
   Finished KCI, linear kernel, time = 1.510515e+02 seconds.
   Finished KCI, gaussian kernel, time = 1.651311e+02 seconds.
   Finished KCI, laplace kernel, time = 1.674414e+02 seconds.
   Finished KCI, heavytail kernel, time = 1.705903e+02 seconds.
   Finished partial correlation, time = 1.576296e+00 seconds.
   Finished conditional correlation, time = 6.978840e-01 seconds.
   Finished conditional mutual information, time = 2.455206e+01 seconds.
Time for experiment 19, N=600 is 6.810404e+02
Experiment #20, sampling from bayes net.
   Finished KCI, linear kernel, time = 1.588576e+02 seconds.
   Finished KCI, gaussian kernel, time = 1.632511e+02 seconds.
   Finished KCI, laplace kernel, time = 1.692182e+02 seconds.
   Finished KCI, heavytail kernel, time = 1.611323e+02 seconds.
   Finished partial correlation, time = 1.803947e+00 seconds.
   Finished conditional correlation, time = 7.579200e-01 seconds.
   Finished conditional mutual information, time = 2.549691e+01 seconds.
Time for experiment 20, N=600 is 6.805181e+02
Experiment #21, sampling from bayes net.
   Finished KCI, linear kernel, time = 1.571314e+02 seconds.
   Finished KCI, gaussian kernel, time = 1.710250e+02 seconds.
   Finished KCI, laplace kernel, time = 1.695221e+02 seconds.
   Finished KCI, heavytail kernel, time = 1.628904e+02 seconds.
   Finished partial correlation, time = 1.793717e+00 seconds.
   Finished conditional correlation, time = 7.125870e-01 seconds.
   Finished conditional mutual information, time = 2.427962e+01 seconds.
Time for experiment 21, N=600 is 6.873549e+02
Experiment #22, sampling from bayes net.
   Finished KCI, linear kernel, time = 1.495356e+02 seconds.
   Finished KCI, gaussian kernel, time = 1.575345e+02 seconds.
   Finished KCI, laplace kernel, time = 1.616593e+02 seconds.
   Finished KCI, heavytail kernel, time = 1.550790e+02 seconds.
   Finished partial correlation, time = 1.611985e+00 seconds.
   Finished conditional correlation, time = 6.882840e-01 seconds.
   Finished conditional mutual information, time = 2.421872e+01 seconds.
Time for experiment 22, N=600 is 6.503273e+02
Experiment #23, sampling from bayes net.
   Finished KCI, linear kernel, time = 1.520278e+02 seconds.
   Finished KCI, gaussian kernel, time = 1.648561e+02 seconds.
   Finished KCI, laplace kernel, time = 1.613533e+02 seconds.
   Finished KCI, heavytail kernel, time = 1.637124e+02 seconds.
   Finished partial correlation, time = 1.731361e+00 seconds.
   Finished conditional correlation, time = 7.122610e-01 seconds.
   Finished conditional mutual information, time = 2.437263e+01 seconds.
Time for experiment 23, N=600 is 6.687659e+02
Experiment #24, sampling from bayes net.
   Finished KCI, linear kernel, time = 1.509571e+02 seconds.
   Finished KCI, gaussian kernel, time = 1.548327e+02 seconds.
   Finished KCI, laplace kernel, time = 1.581281e+02 seconds.
   Finished KCI, heavytail kernel, time = 1.528157e+02 seconds.
   Finished partial correlation, time = 1.633145e+00 seconds.
   Finished conditional correlation, time = 6.684090e-01 seconds.
   Finished conditional mutual information, time = 2.454301e+01 seconds.
Time for experiment 24, N=600 is 6.435782e+02
Experiment #25, sampling from bayes net.
   Finished KCI, linear kernel, time = 1.457545e+02 seconds.
   Finished KCI, gaussian kernel, time = 1.617182e+02 seconds.
   Finished KCI, laplace kernel, time = 1.602999e+02 seconds.
   Finished KCI, heavytail kernel, time = 1.582677e+02 seconds.
   Finished partial correlation, time = 1.694092e+00 seconds.
   Finished conditional correlation, time = 6.434890e-01 seconds.
   Finished conditional mutual information, time = 2.451532e+01 seconds.
Time for experiment 25, N=600 is 6.528932e+02
Experiment #26, sampling from bayes net.
   Finished KCI, linear kernel, time = 1.489830e+02 seconds.
   Finished KCI, gaussian kernel, time = 1.553039e+02 seconds.
   Finished KCI, laplace kernel, time = 1.584425e+02 seconds.
   Finished KCI, heavytail kernel, time = 1.525497e+02 seconds.
   Finished partial correlation, time = 1.584333e+00 seconds.
   Finished conditional correlation, time = 8.069640e-01 seconds.
   Finished conditional mutual information, time = 2.436422e+01 seconds.
Time for experiment 26, N=600 is 6.420347e+02
Experiment #27, sampling from bayes net.
   Finished KCI, linear kernel, time = 1.473257e+02 seconds.
   Finished KCI, gaussian kernel, time = 1.618277e+02 seconds.
   Finished KCI, laplace kernel, time = 1.613810e+02 seconds.
   Finished KCI, heavytail kernel, time = 1.603642e+02 seconds.
   Finished partial correlation, time = 1.351290e+00 seconds.
   Finished conditional correlation, time = 6.474150e-01 seconds.
   Finished conditional mutual information, time = 2.461634e+01 seconds.
Time for experiment 27, N=600 is 6.575137e+02
Experiment #28, sampling from bayes net.
   Finished KCI, linear kernel, time = 1.506822e+02 seconds.
   Finished KCI, gaussian kernel, time = 1.582523e+02 seconds.
   Finished KCI, laplace kernel, time = 1.610731e+02 seconds.
   Finished KCI, heavytail kernel, time = 1.558805e+02 seconds.
   Finished partial correlation, time = 1.682540e+00 seconds.
   Finished conditional correlation, time = 7.209190e-01 seconds.
   Finished conditional mutual information, time = 2.459719e+01 seconds.
Time for experiment 28, N=600 is 6.528887e+02
Experiment #29, sampling from bayes net.
   Finished KCI, linear kernel, time = 1.516735e+02 seconds.
   Finished KCI, gaussian kernel, time = 1.649585e+02 seconds.
   Finished KCI, laplace kernel, time = 1.650316e+02 seconds.
   Finished KCI, heavytail kernel, time = 1.607704e+02 seconds.
   Finished partial correlation, time = 1.617345e+00 seconds.
   Finished conditional correlation, time = 8.012980e-01 seconds.
   Finished conditional mutual information, time = 2.437466e+01 seconds.
Time for experiment 29, N=600 is 6.692273e+02
Experiment #30, sampling from bayes net.
   Finished KCI, linear kernel, time = 1.321647e+02 seconds.
   Finished KCI, gaussian kernel, time = 1.242985e+02 seconds.
   Finished KCI, laplace kernel, time = 1.385833e+02 seconds.
   Finished KCI, heavytail kernel, time = 1.296038e+02 seconds.
   Finished partial correlation, time = 1.318533e+00 seconds.
   Finished conditional correlation, time = 6.082090e-01 seconds.
   Finished conditional mutual information, time = 2.322081e+01 seconds.
Time for experiment 30, N=600 is 5.497979e+02
>> >> Total running time for all experiments is 3.010305e+04 seconds.
>> >> >> >> 