MATLAB is selecting SOFTWARE OPENGL rendering.

                            < M A T L A B (R) >
                  Copyright 1984-2013 The MathWorks, Inc.
                    R2013a (8.1.0.604) 64-bit (glnxa64)
                             February 15, 2013

 
To get started, type one of these: helpwin, helpdesk, or demo.
For product information, visit www.mathworks.com.
 
>> >> >> >> >> >> >> >> >> >> >> >> >> >> >> >> >> >> >> >> >> >> >> >> >> >> >> >> >> >> >> >> >> >> >> >> >> >> >> >> >> >> >> >> >> >> >> >> >> >> >> Computing ground truth indep...
>> >> >> ...finished in 9.332070e-01 seconds.
>> >> >> >> >> >> >> >> Testing 156 independent and 176 dependent CPDs, arity=5.
>> >> >> >> >> >> >> STARTING N=200.
Experiment #1, sampling from bayes net.
   Finished KCI, linear kernel, time = 8.876792e+00 seconds.
   Finished KCI, gaussian kernel, time = 1.224002e+01 seconds.
   Finished KCI, laplace kernel, time = 1.682039e+01 seconds.
   Finished KCI, heavytail kernel, time = 1.592666e+01 seconds.
   Finished partial correlation, time = 1.236049e+00 seconds.
   Finished conditional correlation, time = 4.968090e-01 seconds.
   Finished conditional mutual information, time = 2.168293e+01 seconds.
Time for experiment 1, N=200 is 7.727965e+01
Experiment #2, sampling from bayes net.
   Finished KCI, linear kernel, time = 1.628236e+01 seconds.
   Finished KCI, gaussian kernel, time = 1.778087e+01 seconds.
   Finished KCI, laplace kernel, time = 1.756222e+01 seconds.
   Finished KCI, heavytail kernel, time = 1.590329e+01 seconds.
   Finished partial correlation, time = 9.335410e-01 seconds.
   Finished conditional correlation, time = 4.013900e-01 seconds.
   Finished conditional mutual information, time = 2.183430e+01 seconds.
Time for experiment 2, N=200 is 9.069796e+01
Experiment #3, sampling from bayes net.
   Finished KCI, linear kernel, time = 1.514692e+01 seconds.
   Finished KCI, gaussian kernel, time = 1.970088e+01 seconds.
   Finished KCI, laplace kernel, time = 1.557829e+01 seconds.
   Finished KCI, heavytail kernel, time = 1.748631e+01 seconds.
   Finished partial correlation, time = 9.508870e-01 seconds.
   Finished conditional correlation, time = 3.995770e-01 seconds.
   Finished conditional mutual information, time = 2.131491e+01 seconds.
Time for experiment 3, N=200 is 9.057776e+01
Experiment #4, sampling from bayes net.
   Finished KCI, linear kernel, time = 1.551374e+01 seconds.
   Finished KCI, gaussian kernel, time = 2.108889e+01 seconds.
   Finished KCI, laplace kernel, time = 1.871389e+01 seconds.
   Finished KCI, heavytail kernel, time = 2.017955e+01 seconds.
   Finished partial correlation, time = 1.009915e+00 seconds.
   Finished conditional correlation, time = 4.136750e-01 seconds.
   Finished conditional mutual information, time = 2.184405e+01 seconds.
Time for experiment 4, N=200 is 9.876370e+01
Experiment #5, sampling from bayes net.
   Finished KCI, linear kernel, time = 1.925053e+01 seconds.
   Finished KCI, gaussian kernel, time = 2.222508e+01 seconds.
   Finished KCI, laplace kernel, time = 2.043805e+01 seconds.
   Finished KCI, heavytail kernel, time = 1.881501e+01 seconds.
   Finished partial correlation, time = 1.096290e+00 seconds.
   Finished conditional correlation, time = 4.557380e-01 seconds.
   Finished conditional mutual information, time = 2.197622e+01 seconds.
Time for experiment 5, N=200 is 1.042569e+02
Experiment #6, sampling from bayes net.
   Finished KCI, linear kernel, time = 1.551526e+01 seconds.
   Finished KCI, gaussian kernel, time = 2.367698e+01 seconds.
   Finished KCI, laplace kernel, time = 1.889854e+01 seconds.
   Finished KCI, heavytail kernel, time = 2.044044e+01 seconds.
   Finished partial correlation, time = 1.077949e+00 seconds.
   Finished conditional correlation, time = 4.293260e-01 seconds.
   Finished conditional mutual information, time = 2.165448e+01 seconds.
Time for experiment 6, N=200 is 1.016930e+02
Experiment #7, sampling from bayes net.
   Finished KCI, linear kernel, time = 1.880648e+01 seconds.
   Finished KCI, gaussian kernel, time = 2.395111e+01 seconds.
   Finished KCI, laplace kernel, time = 1.899259e+01 seconds.
   Finished KCI, heavytail kernel, time = 1.998424e+01 seconds.
   Finished partial correlation, time = 1.080579e+00 seconds.
   Finished conditional correlation, time = 4.431720e-01 seconds.
   Finished conditional mutual information, time = 2.164430e+01 seconds.
Time for experiment 7, N=200 is 1.049025e+02
Experiment #8, sampling from bayes net.
   Finished KCI, linear kernel, time = 1.953718e+01 seconds.
   Finished KCI, gaussian kernel, time = 2.295386e+01 seconds.
   Finished KCI, laplace kernel, time = 1.988274e+01 seconds.
   Finished KCI, heavytail kernel, time = 1.858570e+01 seconds.
   Finished partial correlation, time = 9.863410e-01 seconds.
   Finished conditional correlation, time = 4.452440e-01 seconds.
   Finished conditional mutual information, time = 2.199529e+01 seconds.
Time for experiment 8, N=200 is 1.043864e+02
Experiment #9, sampling from bayes net.
   Finished KCI, linear kernel, time = 1.909031e+01 seconds.
   Finished KCI, gaussian kernel, time = 2.321151e+01 seconds.
   Finished KCI, laplace kernel, time = 1.913180e+01 seconds.
   Finished KCI, heavytail kernel, time = 1.880284e+01 seconds.
   Finished partial correlation, time = 1.024772e+00 seconds.
   Finished conditional correlation, time = 4.213620e-01 seconds.
   Finished conditional mutual information, time = 2.209041e+01 seconds.
Time for experiment 9, N=200 is 1.037730e+02
Experiment #10, sampling from bayes net.
   Finished KCI, linear kernel, time = 2.242206e+01 seconds.
   Finished KCI, gaussian kernel, time = 2.761322e+01 seconds.
   Finished KCI, laplace kernel, time = 2.143997e+01 seconds.
   Finished KCI, heavytail kernel, time = 2.405513e+01 seconds.
   Finished partial correlation, time = 1.149523e+00 seconds.
   Finished conditional correlation, time = 4.830910e-01 seconds.
   Finished conditional mutual information, time = 2.323280e+01 seconds.
Time for experiment 10, N=200 is 1.203958e+02
Experiment #11, sampling from bayes net.
   Finished KCI, linear kernel, time = 2.281314e+01 seconds.
   Finished KCI, gaussian kernel, time = 2.742673e+01 seconds.
   Finished KCI, laplace kernel, time = 2.232111e+01 seconds.
   Finished KCI, heavytail kernel, time = 1.948363e+01 seconds.
   Finished partial correlation, time = 1.078667e+00 seconds.
   Finished conditional correlation, time = 4.517010e-01 seconds.
   Finished conditional mutual information, time = 2.254044e+01 seconds.
Time for experiment 11, N=200 is 1.161154e+02
Experiment #12, sampling from bayes net.
   Finished KCI, linear kernel, time = 2.204699e+01 seconds.
   Finished KCI, gaussian kernel, time = 2.701935e+01 seconds.
   Finished KCI, laplace kernel, time = 2.174018e+01 seconds.
   Finished KCI, heavytail kernel, time = 2.343203e+01 seconds.
   Finished partial correlation, time = 1.159941e+00 seconds.
   Finished conditional correlation, time = 4.445280e-01 seconds.
   Finished conditional mutual information, time = 2.307315e+01 seconds.
Time for experiment 12, N=200 is 1.189162e+02
Experiment #13, sampling from bayes net.
   Finished KCI, linear kernel, time = 2.318293e+01 seconds.
   Finished KCI, gaussian kernel, time = 2.552507e+01 seconds.
   Finished KCI, laplace kernel, time = 2.233674e+01 seconds.
   Finished KCI, heavytail kernel, time = 2.054868e+01 seconds.
   Finished partial correlation, time = 1.118626e+00 seconds.
   Finished conditional correlation, time = 4.261970e-01 seconds.
   Finished conditional mutual information, time = 2.221848e+01 seconds.
Time for experiment 13, N=200 is 1.153567e+02
Experiment #14, sampling from bayes net.
   Finished KCI, linear kernel, time = 2.267222e+01 seconds.
   Finished KCI, gaussian kernel, time = 2.705841e+01 seconds.
   Finished KCI, laplace kernel, time = 2.351751e+01 seconds.
   Finished KCI, heavytail kernel, time = 2.186389e+01 seconds.
   Finished partial correlation, time = 1.232710e+00 seconds.
   Finished conditional correlation, time = 4.541480e-01 seconds.
   Finished conditional mutual information, time = 2.256029e+01 seconds.
Time for experiment 14, N=200 is 1.193592e+02
Experiment #15, sampling from bayes net.
   Finished KCI, linear kernel, time = 2.133395e+01 seconds.
   Finished KCI, gaussian kernel, time = 2.833709e+01 seconds.
   Finished KCI, laplace kernel, time = 2.227715e+01 seconds.
   Finished KCI, heavytail kernel, time = 1.882004e+01 seconds.
   Finished partial correlation, time = 1.076027e+00 seconds.
   Finished conditional correlation, time = 4.912200e-01 seconds.
   Finished conditional mutual information, time = 2.324924e+01 seconds.
Time for experiment 15, N=200 is 1.155847e+02
Experiment #16, sampling from bayes net.
   Finished KCI, linear kernel, time = 2.246682e+01 seconds.
   Finished KCI, gaussian kernel, time = 2.792199e+01 seconds.
   Finished KCI, laplace kernel, time = 2.170090e+01 seconds.
   Finished KCI, heavytail kernel, time = 2.244234e+01 seconds.
   Finished partial correlation, time = 1.018001e+00 seconds.
   Finished conditional correlation, time = 4.082420e-01 seconds.
   Finished conditional mutual information, time = 2.310652e+01 seconds.
Time for experiment 16, N=200 is 1.190648e+02
Experiment #17, sampling from bayes net.
   Finished KCI, linear kernel, time = 2.341060e+01 seconds.
   Finished KCI, gaussian kernel, time = 2.650644e+01 seconds.
   Finished KCI, laplace kernel, time = 2.295548e+01 seconds.
   Finished KCI, heavytail kernel, time = 1.725878e+01 seconds.
   Finished partial correlation, time = 1.080717e+00 seconds.
   Finished conditional correlation, time = 4.093470e-01 seconds.
   Finished conditional mutual information, time = 2.310461e+01 seconds.
Time for experiment 17, N=200 is 1.147260e+02
Experiment #18, sampling from bayes net.
   Finished KCI, linear kernel, time = 2.207964e+01 seconds.
   Finished KCI, gaussian kernel, time = 2.767355e+01 seconds.
   Finished KCI, laplace kernel, time = 2.017168e+01 seconds.
   Finished KCI, heavytail kernel, time = 2.404183e+01 seconds.
   Finished partial correlation, time = 1.216097e+00 seconds.
   Finished conditional correlation, time = 4.352370e-01 seconds.
   Finished conditional mutual information, time = 2.254617e+01 seconds.
Time for experiment 18, N=200 is 1.181642e+02
Experiment #19, sampling from bayes net.
   Finished KCI, linear kernel, time = 2.221659e+01 seconds.
   Finished KCI, gaussian kernel, time = 2.776995e+01 seconds.
   Finished KCI, laplace kernel, time = 2.157249e+01 seconds.
   Finished KCI, heavytail kernel, time = 1.817584e+01 seconds.
   Finished partial correlation, time = 1.074153e+00 seconds.
   Finished conditional correlation, time = 4.342530e-01 seconds.
   Finished conditional mutual information, time = 2.345901e+01 seconds.
Time for experiment 19, N=200 is 1.147023e+02
Experiment #20, sampling from bayes net.
   Finished KCI, linear kernel, time = 2.334586e+01 seconds.
   Finished KCI, gaussian kernel, time = 2.509397e+01 seconds.
   Finished KCI, laplace kernel, time = 2.324096e+01 seconds.
   Finished KCI, heavytail kernel, time = 2.247033e+01 seconds.
   Finished partial correlation, time = 1.216730e+00 seconds.
   Finished conditional correlation, time = 4.580410e-01 seconds.
   Finished conditional mutual information, time = 2.304769e+01 seconds.
Time for experiment 20, N=200 is 1.188736e+02
Experiment #21, sampling from bayes net.
   Finished KCI, linear kernel, time = 2.231039e+01 seconds.
   Finished KCI, gaussian kernel, time = 2.804282e+01 seconds.
   Finished KCI, laplace kernel, time = 2.097270e+01 seconds.
   Finished KCI, heavytail kernel, time = 1.857809e+01 seconds.
   Finished partial correlation, time = 1.033851e+00 seconds.
   Finished conditional correlation, time = 4.412640e-01 seconds.
   Finished conditional mutual information, time = 2.332485e+01 seconds.
Time for experiment 21, N=200 is 1.147040e+02
Experiment #22, sampling from bayes net.
   Finished KCI, linear kernel, time = 1.939293e+01 seconds.
   Finished KCI, gaussian kernel, time = 2.679560e+01 seconds.
   Finished KCI, laplace kernel, time = 2.162906e+01 seconds.
   Finished KCI, heavytail kernel, time = 2.359564e+01 seconds.
   Finished partial correlation, time = 1.242395e+00 seconds.
   Finished conditional correlation, time = 4.326320e-01 seconds.
   Finished conditional mutual information, time = 2.253886e+01 seconds.
Time for experiment 22, N=200 is 1.156271e+02
Experiment #23, sampling from bayes net.
   Finished KCI, linear kernel, time = 2.308826e+01 seconds.
   Finished KCI, gaussian kernel, time = 2.768841e+01 seconds.
   Finished KCI, laplace kernel, time = 2.273842e+01 seconds.
   Finished KCI, heavytail kernel, time = 1.779736e+01 seconds.
   Finished partial correlation, time = 1.039948e+00 seconds.
   Finished conditional correlation, time = 4.758370e-01 seconds.
   Finished conditional mutual information, time = 2.258259e+01 seconds.
Time for experiment 23, N=200 is 1.154108e+02
Experiment #24, sampling from bayes net.
   Finished KCI, linear kernel, time = 2.680401e+01 seconds.
   Finished KCI, gaussian kernel, time = 3.001385e+01 seconds.
   Finished KCI, laplace kernel, time = 2.312254e+01 seconds.
   Finished KCI, heavytail kernel, time = 2.755268e+01 seconds.
   Finished partial correlation, time = 1.255359e+00 seconds.
   Finished conditional correlation, time = 4.511220e-01 seconds.
   Finished conditional mutual information, time = 2.242018e+01 seconds.
Time for experiment 24, N=200 is 1.316197e+02
Experiment #25, sampling from bayes net.
   Finished KCI, linear kernel, time = 2.634670e+01 seconds.
   Finished KCI, gaussian kernel, time = 3.258001e+01 seconds.
   Finished KCI, laplace kernel, time = 2.274805e+01 seconds.
   Finished KCI, heavytail kernel, time = 2.217844e+01 seconds.
   Finished partial correlation, time = 1.400422e+00 seconds.
   Finished conditional correlation, time = 4.545740e-01 seconds.
   Finished conditional mutual information, time = 2.351778e+01 seconds.
Time for experiment 25, N=200 is 1.292260e+02
Experiment #26, sampling from bayes net.
   Finished KCI, linear kernel, time = 2.716119e+01 seconds.
   Finished KCI, gaussian kernel, time = 2.933891e+01 seconds.
   Finished KCI, laplace kernel, time = 2.709453e+01 seconds.
   Finished KCI, heavytail kernel, time = 2.687915e+01 seconds.
   Finished partial correlation, time = 1.418693e+00 seconds.
   Finished conditional correlation, time = 4.707360e-01 seconds.
   Finished conditional mutual information, time = 2.300737e+01 seconds.
Time for experiment 26, N=200 is 1.353706e+02
Experiment #27, sampling from bayes net.
   Finished KCI, linear kernel, time = 3.059379e+01 seconds.
   Finished KCI, gaussian kernel, time = 3.463343e+01 seconds.
   Finished KCI, laplace kernel, time = 2.008630e+01 seconds.
   Finished KCI, heavytail kernel, time = 2.687741e+01 seconds.
   Finished partial correlation, time = 1.343359e+00 seconds.
   Finished conditional correlation, time = 4.636090e-01 seconds.
   Finished conditional mutual information, time = 2.304142e+01 seconds.
Time for experiment 27, N=200 is 1.370393e+02
Experiment #28, sampling from bayes net.
   Finished KCI, linear kernel, time = 2.414939e+01 seconds.
   Finished KCI, gaussian kernel, time = 3.238762e+01 seconds.
   Finished KCI, laplace kernel, time = 2.638350e+01 seconds.
   Finished KCI, heavytail kernel, time = 2.885439e+01 seconds.
   Finished partial correlation, time = 1.275208e+00 seconds.
   Finished conditional correlation, time = 4.722850e-01 seconds.
   Finished conditional mutual information, time = 2.321762e+01 seconds.
Time for experiment 28, N=200 is 1.367400e+02
Experiment #29, sampling from bayes net.
   Finished KCI, linear kernel, time = 2.776669e+01 seconds.
   Finished KCI, gaussian kernel, time = 2.990308e+01 seconds.
   Finished KCI, laplace kernel, time = 2.357130e+01 seconds.
   Finished KCI, heavytail kernel, time = 2.728417e+01 seconds.
   Finished partial correlation, time = 1.379859e+00 seconds.
   Finished conditional correlation, time = 4.839090e-01 seconds.
   Finished conditional mutual information, time = 2.274437e+01 seconds.
Time for experiment 29, N=200 is 1.331334e+02
Experiment #30, sampling from bayes net.
   Finished KCI, linear kernel, time = 2.576859e+01 seconds.
   Finished KCI, gaussian kernel, time = 3.297400e+01 seconds.
   Finished KCI, laplace kernel, time = 2.687498e+01 seconds.
   Finished KCI, heavytail kernel, time = 2.931629e+01 seconds.
   Finished partial correlation, time = 1.445411e+00 seconds.
   Finished conditional correlation, time = 4.906200e-01 seconds.
   Finished conditional mutual information, time = 2.384759e+01 seconds.
Time for experiment 30, N=200 is 1.407175e+02
STARTING N=400.
Experiment #1, sampling from bayes net.
   Finished KCI, linear kernel, time = 6.092289e+01 seconds.
   Finished KCI, gaussian kernel, time = 7.228895e+01 seconds.
   Finished KCI, laplace kernel, time = 6.690439e+01 seconds.
   Finished KCI, heavytail kernel, time = 6.854333e+01 seconds.
   Finished partial correlation, time = 1.384226e+00 seconds.
   Finished conditional correlation, time = 5.445390e-01 seconds.
   Finished conditional mutual information, time = 2.284660e+01 seconds.
Time for experiment 1, N=400 is 2.934349e+02
Experiment #2, sampling from bayes net.
   Finished KCI, linear kernel, time = 6.102561e+01 seconds.
   Finished KCI, gaussian kernel, time = 7.326409e+01 seconds.
   Finished KCI, laplace kernel, time = 6.607617e+01 seconds.
   Finished KCI, heavytail kernel, time = 6.906903e+01 seconds.
   Finished partial correlation, time = 1.304534e+00 seconds.
   Finished conditional correlation, time = 5.118890e-01 seconds.
   Finished conditional mutual information, time = 2.338265e+01 seconds.
Time for experiment 2, N=400 is 2.946340e+02
Experiment #3, sampling from bayes net.
   Finished KCI, linear kernel, time = 5.797409e+01 seconds.
   Finished KCI, gaussian kernel, time = 7.474048e+01 seconds.
   Finished KCI, laplace kernel, time = 6.655841e+01 seconds.
   Finished KCI, heavytail kernel, time = 6.853772e+01 seconds.
   Finished partial correlation, time = 1.351707e+00 seconds.
   Finished conditional correlation, time = 5.418190e-01 seconds.
   Finished conditional mutual information, time = 2.356824e+01 seconds.
Time for experiment 3, N=400 is 2.932725e+02
Experiment #4, sampling from bayes net.
   Finished KCI, linear kernel, time = 5.697800e+01 seconds.
   Finished KCI, gaussian kernel, time = 7.319567e+01 seconds.
   Finished KCI, laplace kernel, time = 6.630606e+01 seconds.
   Finished KCI, heavytail kernel, time = 6.754215e+01 seconds.
   Finished partial correlation, time = 1.319042e+00 seconds.
   Finished conditional correlation, time = 5.241360e-01 seconds.
   Finished conditional mutual information, time = 2.321202e+01 seconds.
Time for experiment 4, N=400 is 2.890771e+02
Experiment #5, sampling from bayes net.
   Finished KCI, linear kernel, time = 5.761466e+01 seconds.
   Finished KCI, gaussian kernel, time = 7.456633e+01 seconds.
   Finished KCI, laplace kernel, time = 6.489973e+01 seconds.
   Finished KCI, heavytail kernel, time = 6.779658e+01 seconds.
   Finished partial correlation, time = 1.067096e+00 seconds.
   Finished conditional correlation, time = 5.566420e-01 seconds.
   Finished conditional mutual information, time = 2.310087e+01 seconds.
Time for experiment 5, N=400 is 2.896019e+02
Experiment #6, sampling from bayes net.
   Finished KCI, linear kernel, time = 5.715198e+01 seconds.
   Finished KCI, gaussian kernel, time = 7.483149e+01 seconds.
   Finished KCI, laplace kernel, time = 6.618969e+01 seconds.
   Finished KCI, heavytail kernel, time = 6.752974e+01 seconds.
   Finished partial correlation, time = 1.282577e+00 seconds.
   Finished conditional correlation, time = 5.533660e-01 seconds.
   Finished conditional mutual information, time = 2.338912e+01 seconds.
Time for experiment 6, N=400 is 2.909280e+02
Experiment #7, sampling from bayes net.
   Finished KCI, linear kernel, time = 5.698107e+01 seconds.
   Finished KCI, gaussian kernel, time = 7.757366e+01 seconds.
   Finished KCI, laplace kernel, time = 6.961393e+01 seconds.
   Finished KCI, heavytail kernel, time = 6.653161e+01 seconds.
   Finished partial correlation, time = 1.329645e+00 seconds.
   Finished conditional correlation, time = 5.384730e-01 seconds.
   Finished conditional mutual information, time = 2.310004e+01 seconds.
Time for experiment 7, N=400 is 2.956684e+02
Experiment #8, sampling from bayes net.
   Finished KCI, linear kernel, time = 5.717914e+01 seconds.
   Finished KCI, gaussian kernel, time = 7.370976e+01 seconds.
   Finished KCI, laplace kernel, time = 6.414312e+01 seconds.
   Finished KCI, heavytail kernel, time = 6.755317e+01 seconds.
   Finished partial correlation, time = 1.375976e+00 seconds.
   Finished conditional correlation, time = 4.897980e-01 seconds.
   Finished conditional mutual information, time = 2.322530e+01 seconds.
Time for experiment 8, N=400 is 2.876763e+02
Experiment #9, sampling from bayes net.
   Finished KCI, linear kernel, time = 5.779017e+01 seconds.
   Finished KCI, gaussian kernel, time = 7.393833e+01 seconds.
   Finished KCI, laplace kernel, time = 6.342018e+01 seconds.
   Finished KCI, heavytail kernel, time = 6.773798e+01 seconds.
   Finished partial correlation, time = 1.533409e+00 seconds.
   Finished conditional correlation, time = 5.623270e-01 seconds.
   Finished conditional mutual information, time = 2.378053e+01 seconds.
Time for experiment 9, N=400 is 2.887629e+02
Experiment #10, sampling from bayes net.
   Finished KCI, linear kernel, time = 5.825946e+01 seconds.
   Finished KCI, gaussian kernel, time = 7.318838e+01 seconds.
   Finished KCI, laplace kernel, time = 6.615066e+01 seconds.
   Finished KCI, heavytail kernel, time = 6.808922e+01 seconds.
   Finished partial correlation, time = 1.296386e+00 seconds.
   Finished conditional correlation, time = 5.442800e-01 seconds.
   Finished conditional mutual information, time = 2.310886e+01 seconds.
Time for experiment 10, N=400 is 2.906372e+02
Experiment #11, sampling from bayes net.
   Finished KCI, linear kernel, time = 5.596590e+01 seconds.
   Finished KCI, gaussian kernel, time = 7.286063e+01 seconds.
   Finished KCI, laplace kernel, time = 6.563678e+01 seconds.
   Finished KCI, heavytail kernel, time = 6.832959e+01 seconds.
   Finished partial correlation, time = 1.364380e+00 seconds.
   Finished conditional correlation, time = 5.665110e-01 seconds.
   Finished conditional mutual information, time = 2.339070e+01 seconds.
Time for experiment 11, N=400 is 2.881145e+02
Experiment #12, sampling from bayes net.
   Finished KCI, linear kernel, time = 5.691658e+01 seconds.
   Finished KCI, gaussian kernel, time = 7.253242e+01 seconds.
   Finished KCI, laplace kernel, time = 6.609625e+01 seconds.
   Finished KCI, heavytail kernel, time = 6.798066e+01 seconds.
   Finished partial correlation, time = 1.344052e+00 seconds.
   Finished conditional correlation, time = 5.542000e-01 seconds.
   Finished conditional mutual information, time = 2.318642e+01 seconds.
Time for experiment 12, N=400 is 2.886106e+02
Experiment #13, sampling from bayes net.
   Finished KCI, linear kernel, time = 5.738373e+01 seconds.
   Finished KCI, gaussian kernel, time = 7.389309e+01 seconds.
   Finished KCI, laplace kernel, time = 6.621521e+01 seconds.
   Finished KCI, heavytail kernel, time = 6.827291e+01 seconds.
   Finished partial correlation, time = 1.291091e+00 seconds.
   Finished conditional correlation, time = 5.588480e-01 seconds.
   Finished conditional mutual information, time = 2.321448e+01 seconds.
Time for experiment 13, N=400 is 2.908294e+02
Experiment #14, sampling from bayes net.
   Finished KCI, linear kernel, time = 5.564249e+01 seconds.
   Finished KCI, gaussian kernel, time = 7.355310e+01 seconds.
   Finished KCI, laplace kernel, time = 6.645996e+01 seconds.
   Finished KCI, heavytail kernel, time = 7.006128e+01 seconds.
   Finished partial correlation, time = 1.423183e+00 seconds.
   Finished conditional correlation, time = 4.946360e-01 seconds.
   Finished conditional mutual information, time = 2.358078e+01 seconds.
Time for experiment 14, N=400 is 2.912154e+02
Experiment #15, sampling from bayes net.
   Finished KCI, linear kernel, time = 6.301832e+01 seconds.
   Finished KCI, gaussian kernel, time = 7.740408e+01 seconds.
   Finished KCI, laplace kernel, time = 7.075383e+01 seconds.
   Finished KCI, heavytail kernel, time = 7.078111e+01 seconds.
   Finished partial correlation, time = 1.206410e+00 seconds.
   Finished conditional correlation, time = 4.581780e-01 seconds.
   Finished conditional mutual information, time = 2.354288e+01 seconds.
Time for experiment 15, N=400 is 3.071648e+02
Experiment #16, sampling from bayes net.
   Finished KCI, linear kernel, time = 6.076925e+01 seconds.
   Finished KCI, gaussian kernel, time = 7.762005e+01 seconds.
   Finished KCI, laplace kernel, time = 6.964883e+01 seconds.
   Finished KCI, heavytail kernel, time = 7.218519e+01 seconds.
   Finished partial correlation, time = 1.434451e+00 seconds.
   Finished conditional correlation, time = 5.427030e-01 seconds.
   Finished conditional mutual information, time = 2.347309e+01 seconds.
Time for experiment 16, N=400 is 3.056736e+02
Experiment #17, sampling from bayes net.
   Finished KCI, linear kernel, time = 6.185739e+01 seconds.
   Finished KCI, gaussian kernel, time = 7.835091e+01 seconds.
   Finished KCI, laplace kernel, time = 7.032080e+01 seconds.
   Finished KCI, heavytail kernel, time = 7.099085e+01 seconds.
   Finished partial correlation, time = 1.438115e+00 seconds.
   Finished conditional correlation, time = 5.425260e-01 seconds.
   Finished conditional mutual information, time = 2.365106e+01 seconds.
Time for experiment 17, N=400 is 3.071516e+02
Experiment #18, sampling from bayes net.
   Finished KCI, linear kernel, time = 6.161828e+01 seconds.
   Finished KCI, gaussian kernel, time = 7.747478e+01 seconds.
   Finished KCI, laplace kernel, time = 6.804038e+01 seconds.
   Finished KCI, heavytail kernel, time = 7.277892e+01 seconds.
   Finished partial correlation, time = 1.382247e+00 seconds.
   Finished conditional correlation, time = 5.383300e-01 seconds.
   Finished conditional mutual information, time = 2.344289e+01 seconds.
Time for experiment 18, N=400 is 3.052758e+02
Experiment #19, sampling from bayes net.
   Finished KCI, linear kernel, time = 6.361917e+01 seconds.
   Finished KCI, gaussian kernel, time = 7.873744e+01 seconds.
   Finished KCI, laplace kernel, time = 6.891828e+01 seconds.
   Finished KCI, heavytail kernel, time = 8.360278e+01 seconds.
   Finished partial correlation, time = 1.711029e+00 seconds.
   Finished conditional correlation, time = 4.613380e-01 seconds.
   Finished conditional mutual information, time = 2.299490e+01 seconds.
Time for experiment 19, N=400 is 3.200449e+02
Experiment #20, sampling from bayes net.
   Finished KCI, linear kernel, time = 8.417312e+01 seconds.
   Finished KCI, gaussian kernel, time = 1.042493e+02 seconds.
   Finished KCI, laplace kernel, time = 7.663545e+01 seconds.
   Finished KCI, heavytail kernel, time = 7.707159e+01 seconds.
   Finished partial correlation, time = 1.553426e+00 seconds.
   Finished conditional correlation, time = 5.597760e-01 seconds.
   Finished conditional mutual information, time = 2.412246e+01 seconds.
Time for experiment 20, N=400 is 3.683652e+02
Experiment #21, sampling from bayes net.
   Finished KCI, linear kernel, time = 7.187384e+01 seconds.
   Finished KCI, gaussian kernel, time = 8.348644e+01 seconds.
   Finished KCI, laplace kernel, time = 7.455032e+01 seconds.
   Finished KCI, heavytail kernel, time = 6.894256e+01 seconds.
   Finished partial correlation, time = 1.415164e+00 seconds.
   Finished conditional correlation, time = 5.651380e-01 seconds.
   Finished conditional mutual information, time = 2.403415e+01 seconds.
Time for experiment 21, N=400 is 3.248676e+02
Experiment #22, sampling from bayes net.
   Finished KCI, linear kernel, time = 7.150949e+01 seconds.
   Finished KCI, gaussian kernel, time = 8.117205e+01 seconds.
   Finished KCI, laplace kernel, time = 7.499783e+01 seconds.
   Finished KCI, heavytail kernel, time = 7.824661e+01 seconds.
   Finished partial correlation, time = 1.556104e+00 seconds.
   Finished conditional correlation, time = 5.333460e-01 seconds.
   Finished conditional mutual information, time = 2.411659e+01 seconds.
Time for experiment 22, N=400 is 3.321320e+02
Experiment #23, sampling from bayes net.
   Finished KCI, linear kernel, time = 7.078499e+01 seconds.
   Finished KCI, gaussian kernel, time = 8.499167e+01 seconds.
   Finished KCI, laplace kernel, time = 6.763504e+01 seconds.
   Finished KCI, heavytail kernel, time = 7.701192e+01 seconds.
   Finished partial correlation, time = 1.658313e+00 seconds.
   Finished conditional correlation, time = 5.494490e-01 seconds.
   Finished conditional mutual information, time = 2.390273e+01 seconds.
Time for experiment 23, N=400 is 3.265341e+02
Experiment #24, sampling from bayes net.
   Finished KCI, linear kernel, time = 6.985688e+01 seconds.
   Finished KCI, gaussian kernel, time = 8.271840e+01 seconds.
   Finished KCI, laplace kernel, time = 7.800321e+01 seconds.
   Finished KCI, heavytail kernel, time = 7.716187e+01 seconds.
   Finished partial correlation, time = 1.404391e+00 seconds.
   Finished conditional correlation, time = 4.805420e-01 seconds.
   Finished conditional mutual information, time = 2.354625e+01 seconds.
Time for experiment 24, N=400 is 3.331715e+02
Experiment #25, sampling from bayes net.
   Finished KCI, linear kernel, time = 7.629405e+01 seconds.
   Finished KCI, gaussian kernel, time = 8.366835e+01 seconds.
   Finished KCI, laplace kernel, time = 7.994738e+01 seconds.
   Finished KCI, heavytail kernel, time = 8.026083e+01 seconds.
   Finished partial correlation, time = 1.618036e+00 seconds.
   Finished conditional correlation, time = 5.464430e-01 seconds.
   Finished conditional mutual information, time = 2.434672e+01 seconds.
Time for experiment 25, N=400 is 3.466818e+02
Experiment #26, sampling from bayes net.
   Finished KCI, linear kernel, time = 7.213123e+01 seconds.
   Finished KCI, gaussian kernel, time = 8.942399e+01 seconds.
   Finished KCI, laplace kernel, time = 8.105896e+01 seconds.
   Finished KCI, heavytail kernel, time = 7.973935e+01 seconds.
   Finished partial correlation, time = 1.612076e+00 seconds.
   Finished conditional correlation, time = 5.793530e-01 seconds.
   Finished conditional mutual information, time = 2.411029e+01 seconds.
Time for experiment 26, N=400 is 3.486552e+02
Experiment #27, sampling from bayes net.
   Finished KCI, linear kernel, time = 6.983158e+01 seconds.
   Finished KCI, gaussian kernel, time = 8.976935e+01 seconds.
   Finished KCI, laplace kernel, time = 7.867117e+01 seconds.
   Finished KCI, heavytail kernel, time = 7.974579e+01 seconds.
   Finished partial correlation, time = 1.686933e+00 seconds.
   Finished conditional correlation, time = 5.729080e-01 seconds.
   Finished conditional mutual information, time = 2.450536e+01 seconds.
Time for experiment 27, N=400 is 3.447831e+02
Experiment #28, sampling from bayes net.
   Finished KCI, linear kernel, time = 7.452763e+01 seconds.
   Finished KCI, gaussian kernel, time = 9.141625e+01 seconds.
   Finished KCI, laplace kernel, time = 7.838616e+01 seconds.
   Finished KCI, heavytail kernel, time = 7.541591e+01 seconds.
   Finished partial correlation, time = 1.306365e+00 seconds.
   Finished conditional correlation, time = 4.722190e-01 seconds.
   Finished conditional mutual information, time = 2.397427e+01 seconds.
Time for experiment 28, N=400 is 3.454988e+02
Experiment #29, sampling from bayes net.
   Finished KCI, linear kernel, time = 7.718987e+01 seconds.
   Finished KCI, gaussian kernel, time = 9.022729e+01 seconds.
   Finished KCI, laplace kernel, time = 7.885861e+01 seconds.
   Finished KCI, heavytail kernel, time = 7.931094e+01 seconds.
   Finished partial correlation, time = 1.603776e+00 seconds.
   Finished conditional correlation, time = 4.670060e-01 seconds.
   Finished conditional mutual information, time = 2.344121e+01 seconds.
Time for experiment 29, N=400 is 3.510987e+02
Experiment #30, sampling from bayes net.
   Finished KCI, linear kernel, time = 7.475015e+01 seconds.
   Finished KCI, gaussian kernel, time = 9.175368e+01 seconds.
   Finished KCI, laplace kernel, time = 7.259877e+01 seconds.
   Finished KCI, heavytail kernel, time = 8.230968e+01 seconds.
   Finished partial correlation, time = 1.625561e+00 seconds.
   Finished conditional correlation, time = 5.440790e-01 seconds.
   Finished conditional mutual information, time = 2.472940e+01 seconds.
Time for experiment 30, N=400 is 3.483113e+02
STARTING N=600.
Experiment #1, sampling from bayes net.
   Finished KCI, linear kernel, time = 1.413653e+02 seconds.
   Finished KCI, gaussian kernel, time = 1.762141e+02 seconds.
   Finished KCI, laplace kernel, time = 1.588858e+02 seconds.
   Finished KCI, heavytail kernel, time = 1.570446e+02 seconds.
   Finished partial correlation, time = 1.587026e+00 seconds.
   Finished conditional correlation, time = 8.159460e-01 seconds.
   Finished conditional mutual information, time = 2.411154e+01 seconds.
Time for experiment 1, N=600 is 6.600244e+02
Experiment #2, sampling from bayes net.
   Finished KCI, linear kernel, time = 1.447743e+02 seconds.
   Finished KCI, gaussian kernel, time = 1.729049e+02 seconds.
   Finished KCI, laplace kernel, time = 1.577269e+02 seconds.
   Finished KCI, heavytail kernel, time = 1.670103e+02 seconds.
   Finished partial correlation, time = 1.613462e+00 seconds.
   Finished conditional correlation, time = 6.602930e-01 seconds.
   Finished conditional mutual information, time = 2.480022e+01 seconds.
Time for experiment 2, N=600 is 6.694903e+02
Experiment #3, sampling from bayes net.
   Finished KCI, linear kernel, time = 1.424501e+02 seconds.
   Finished KCI, gaussian kernel, time = 1.746711e+02 seconds.
   Finished KCI, laplace kernel, time = 1.592966e+02 seconds.
   Finished KCI, heavytail kernel, time = 1.653957e+02 seconds.
   Finished partial correlation, time = 1.293975e+00 seconds.
   Finished conditional correlation, time = 5.651040e-01 seconds.
   Finished conditional mutual information, time = 2.409401e+01 seconds.
Time for experiment 3, N=600 is 6.677666e+02
Experiment #4, sampling from bayes net.
   Finished KCI, linear kernel, time = 1.441008e+02 seconds.
   Finished KCI, gaussian kernel, time = 1.757472e+02 seconds.
   Finished KCI, laplace kernel, time = 1.576387e+02 seconds.
   Finished KCI, heavytail kernel, time = 1.590130e+02 seconds.
   Finished partial correlation, time = 1.602899e+00 seconds.
   Finished conditional correlation, time = 8.401870e-01 seconds.
   Finished conditional mutual information, time = 2.464162e+01 seconds.
Time for experiment 4, N=600 is 6.635844e+02
Experiment #5, sampling from bayes net.
   Finished KCI, linear kernel, time = 1.416353e+02 seconds.
   Finished KCI, gaussian kernel, time = 1.729016e+02 seconds.
   Finished KCI, laplace kernel, time = 1.583369e+02 seconds.
   Finished KCI, heavytail kernel, time = 1.657334e+02 seconds.
   Finished partial correlation, time = 1.569682e+00 seconds.
   Finished conditional correlation, time = 5.543550e-01 seconds.
   Finished conditional mutual information, time = 2.405755e+01 seconds.
Time for experiment 5, N=600 is 6.647888e+02
Experiment #6, sampling from bayes net.
   Finished KCI, linear kernel, time = 1.420920e+02 seconds.
   Finished KCI, gaussian kernel, time = 1.744992e+02 seconds.
   Finished KCI, laplace kernel, time = 1.594094e+02 seconds.
   Finished KCI, heavytail kernel, time = 1.661725e+02 seconds.
   Finished partial correlation, time = 1.671786e+00 seconds.
   Finished conditional correlation, time = 6.417490e-01 seconds.
   Finished conditional mutual information, time = 2.405211e+01 seconds.
Time for experiment 6, N=600 is 6.685388e+02
Experiment #7, sampling from bayes net.
   Finished KCI, linear kernel, time = 1.410966e+02 seconds.
   Finished KCI, gaussian kernel, time = 1.781425e+02 seconds.
   Finished KCI, laplace kernel, time = 1.589671e+02 seconds.
   Finished KCI, heavytail kernel, time = 1.573784e+02 seconds.
   Finished partial correlation, time = 1.625586e+00 seconds.
   Finished conditional correlation, time = 7.127440e-01 seconds.
   Finished conditional mutual information, time = 2.446678e+01 seconds.
Time for experiment 7, N=600 is 6.623896e+02
Experiment #8, sampling from bayes net.
   Finished KCI, linear kernel, time = 1.401473e+02 seconds.
   Finished KCI, gaussian kernel, time = 1.753972e+02 seconds.
   Finished KCI, laplace kernel, time = 1.594966e+02 seconds.
   Finished KCI, heavytail kernel, time = 1.647844e+02 seconds.
   Finished partial correlation, time = 1.577452e+00 seconds.
   Finished conditional correlation, time = 7.596380e-01 seconds.
   Finished conditional mutual information, time = 2.419323e+01 seconds.
Time for experiment 8, N=600 is 6.663558e+02
Experiment #9, sampling from bayes net.
   Finished KCI, linear kernel, time = 1.416514e+02 seconds.
   Finished KCI, gaussian kernel, time = 1.760398e+02 seconds.
   Finished KCI, laplace kernel, time = 1.582639e+02 seconds.
   Finished KCI, heavytail kernel, time = 1.650283e+02 seconds.
   Finished partial correlation, time = 1.415799e+00 seconds.
   Finished conditional correlation, time = 6.429530e-01 seconds.
   Finished conditional mutual information, time = 2.428430e+01 seconds.
Time for experiment 9, N=600 is 6.673265e+02
Experiment #10, sampling from bayes net.
   Finished KCI, linear kernel, time = 1.440401e+02 seconds.
   Finished KCI, gaussian kernel, time = 1.758182e+02 seconds.
   Finished KCI, laplace kernel, time = 1.586747e+02 seconds.
   Finished KCI, heavytail kernel, time = 1.590178e+02 seconds.
   Finished partial correlation, time = 1.667308e+00 seconds.
   Finished conditional correlation, time = 7.167150e-01 seconds.
   Finished conditional mutual information, time = 2.392070e+01 seconds.
Time for experiment 10, N=600 is 6.638554e+02
Experiment #11, sampling from bayes net.
   Finished KCI, linear kernel, time = 1.410412e+02 seconds.
   Finished KCI, gaussian kernel, time = 1.756349e+02 seconds.
   Finished KCI, laplace kernel, time = 1.579628e+02 seconds.
   Finished KCI, heavytail kernel, time = 1.656418e+02 seconds.
   Finished partial correlation, time = 1.533909e+00 seconds.
   Finished conditional correlation, time = 5.883280e-01 seconds.
   Finished conditional mutual information, time = 2.449188e+01 seconds.
Time for experiment 11, N=600 is 6.668949e+02
Experiment #12, sampling from bayes net.
   Finished KCI, linear kernel, time = 1.420746e+02 seconds.
   Finished KCI, gaussian kernel, time = 1.738326e+02 seconds.
   Finished KCI, laplace kernel, time = 1.590061e+02 seconds.
   Finished KCI, heavytail kernel, time = 1.720198e+02 seconds.
   Finished partial correlation, time = 1.577105e+00 seconds.
   Finished conditional correlation, time = 8.031940e-01 seconds.
   Finished conditional mutual information, time = 2.394029e+01 seconds.
Time for experiment 12, N=600 is 6.732536e+02
Experiment #13, sampling from bayes net.
   Finished KCI, linear kernel, time = 1.423275e+02 seconds.
   Finished KCI, gaussian kernel, time = 1.813564e+02 seconds.
   Finished KCI, laplace kernel, time = 1.642367e+02 seconds.
   Finished KCI, heavytail kernel, time = 1.669918e+02 seconds.
   Finished partial correlation, time = 1.742533e+00 seconds.
   Finished conditional correlation, time = 5.956830e-01 seconds.
   Finished conditional mutual information, time = 2.486694e+01 seconds.
Time for experiment 13, N=600 is 6.821176e+02
Experiment #14, sampling from bayes net.
   Finished KCI, linear kernel, time = 1.476306e+02 seconds.
   Finished KCI, gaussian kernel, time = 1.823534e+02 seconds.
   Finished KCI, laplace kernel, time = 1.608804e+02 seconds.
   Finished KCI, heavytail kernel, time = 1.792633e+02 seconds.
   Finished partial correlation, time = 1.661952e+00 seconds.
   Finished conditional correlation, time = 6.345970e-01 seconds.
   Finished conditional mutual information, time = 2.443828e+01 seconds.
Time for experiment 14, N=600 is 6.968625e+02
Experiment #15, sampling from bayes net.
   Finished KCI, linear kernel, time = 1.476470e+02 seconds.
   Finished KCI, gaussian kernel, time = 1.824351e+02 seconds.
   Finished KCI, laplace kernel, time = 1.544571e+02 seconds.
   Finished KCI, heavytail kernel, time = 1.713215e+02 seconds.
   Finished partial correlation, time = 1.544679e+00 seconds.
   Finished conditional correlation, time = 7.040880e-01 seconds.
   Finished conditional mutual information, time = 2.369315e+01 seconds.
Time for experiment 15, N=600 is 6.818026e+02
Experiment #16, sampling from bayes net.
   Finished KCI, linear kernel, time = 1.428691e+02 seconds.
   Finished KCI, gaussian kernel, time = 1.759374e+02 seconds.
   Finished KCI, laplace kernel, time = 1.552823e+02 seconds.
   Finished KCI, heavytail kernel, time = 1.634691e+02 seconds.
   Finished partial correlation, time = 1.634815e+00 seconds.
   Finished conditional correlation, time = 7.126300e-01 seconds.
   Finished conditional mutual information, time = 2.414421e+01 seconds.
Time for experiment 16, N=600 is 6.640496e+02
Experiment #17, sampling from bayes net.
   Finished KCI, linear kernel, time = 1.409827e+02 seconds.
   Finished KCI, gaussian kernel, time = 1.736933e+02 seconds.
   Finished KCI, laplace kernel, time = 1.538143e+02 seconds.
   Finished KCI, heavytail kernel, time = 1.714095e+02 seconds.
   Finished partial correlation, time = 1.535385e+00 seconds.
   Finished conditional correlation, time = 5.819160e-01 seconds.
   Finished conditional mutual information, time = 2.430313e+01 seconds.
Time for experiment 17, N=600 is 6.663202e+02
Experiment #18, sampling from bayes net.
   Finished KCI, linear kernel, time = 1.391129e+02 seconds.
   Finished KCI, gaussian kernel, time = 1.691032e+02 seconds.
   Finished KCI, laplace kernel, time = 1.524144e+02 seconds.
   Finished KCI, heavytail kernel, time = 1.684222e+02 seconds.
   Finished partial correlation, time = 1.528920e+00 seconds.
   Finished conditional correlation, time = 5.578080e-01 seconds.
   Finished conditional mutual information, time = 2.435183e+01 seconds.
Time for experiment 18, N=600 is 6.554913e+02
Experiment #19, sampling from bayes net.
   Finished KCI, linear kernel, time = 1.405165e+02 seconds.
   Finished KCI, gaussian kernel, time = 1.726420e+02 seconds.
   Finished KCI, laplace kernel, time = 1.503456e+02 seconds.
   Finished KCI, heavytail kernel, time = 1.607202e+02 seconds.
   Finished partial correlation, time = 1.636420e+00 seconds.
   Finished conditional correlation, time = 7.471370e-01 seconds.
   Finished conditional mutual information, time = 2.403809e+01 seconds.
Time for experiment 19, N=600 is 6.506460e+02
Experiment #20, sampling from bayes net.
   Finished KCI, linear kernel, time = 1.385455e+02 seconds.
   Finished KCI, gaussian kernel, time = 1.699935e+02 seconds.
   Finished KCI, laplace kernel, time = 1.494818e+02 seconds.
   Finished KCI, heavytail kernel, time = 1.679951e+02 seconds.
   Finished partial correlation, time = 1.623530e+00 seconds.
   Finished conditional correlation, time = 6.356950e-01 seconds.
   Finished conditional mutual information, time = 2.406713e+01 seconds.
Time for experiment 20, N=600 is 6.523423e+02
Experiment #21, sampling from bayes net.
   Finished KCI, linear kernel, time = 1.391462e+02 seconds.
   Finished KCI, gaussian kernel, time = 1.742342e+02 seconds.
   Finished KCI, laplace kernel, time = 1.520753e+02 seconds.
   Finished KCI, heavytail kernel, time = 1.706470e+02 seconds.
   Finished partial correlation, time = 1.603636e+00 seconds.
   Finished conditional correlation, time = 6.474280e-01 seconds.
   Finished conditional mutual information, time = 2.363930e+01 seconds.
Time for experiment 21, N=600 is 6.619931e+02
Experiment #22, sampling from bayes net.
   Finished KCI, linear kernel, time = 1.428304e+02 seconds.
   Finished KCI, gaussian kernel, time = 1.771475e+02 seconds.
   Finished KCI, laplace kernel, time = 1.537511e+02 seconds.
   Finished KCI, heavytail kernel, time = 1.637861e+02 seconds.
   Finished partial correlation, time = 1.591766e+00 seconds.
   Finished conditional correlation, time = 7.584900e-01 seconds.
   Finished conditional mutual information, time = 2.342947e+01 seconds.
Time for experiment 22, N=600 is 6.632949e+02
Experiment #23, sampling from bayes net.
   Finished KCI, linear kernel, time = 1.431220e+02 seconds.
   Finished KCI, gaussian kernel, time = 1.751078e+02 seconds.
   Finished KCI, laplace kernel, time = 1.511611e+02 seconds.
   Finished KCI, heavytail kernel, time = 1.479507e+02 seconds.
   Finished partial correlation, time = 1.241501e+00 seconds.
   Finished conditional correlation, time = 6.645420e-01 seconds.
   Finished conditional mutual information, time = 2.286238e+01 seconds.
Time for experiment 23, N=600 is 6.421100e+02
Experiment #24, sampling from bayes net.
   Finished KCI, linear kernel, time = 1.175167e+02 seconds.
   Finished KCI, gaussian kernel, time = 1.445439e+02 seconds.
   Finished KCI, laplace kernel, time = 1.161512e+02 seconds.
   Finished KCI, heavytail kernel, time = 1.190826e+02 seconds.
   Finished partial correlation, time = 9.659320e-01 seconds.
   Finished conditional correlation, time = 5.732200e-01 seconds.
   Finished conditional mutual information, time = 2.066065e+01 seconds.
Time for experiment 24, N=600 is 5.194942e+02
Experiment #25, sampling from bayes net.
   Finished KCI, linear kernel, time = 8.895291e+01 seconds.
   Finished KCI, gaussian kernel, time = 1.169566e+02 seconds.
   Finished KCI, laplace kernel, time = 1.079626e+02 seconds.
   Finished KCI, heavytail kernel, time = 1.124430e+02 seconds.
   Finished partial correlation, time = 9.749330e-01 seconds.
   Finished conditional correlation, time = 5.332830e-01 seconds.
   Finished conditional mutual information, time = 2.068392e+01 seconds.
Time for experiment 25, N=600 is 4.485072e+02
Experiment #26, sampling from bayes net.
   Finished KCI, linear kernel, time = 8.880893e+01 seconds.
   Finished KCI, gaussian kernel, time = 1.139202e+02 seconds.
   Finished KCI, laplace kernel, time = 1.085129e+02 seconds.
   Finished KCI, heavytail kernel, time = 1.194788e+02 seconds.
   Finished partial correlation, time = 1.017921e+00 seconds.
   Finished conditional correlation, time = 6.418830e-01 seconds.
   Finished conditional mutual information, time = 2.034562e+01 seconds.
Time for experiment 26, N=600 is 4.527263e+02
Experiment #27, sampling from bayes net.
   Finished KCI, linear kernel, time = 8.820837e+01 seconds.
   Finished KCI, gaussian kernel, time = 1.145090e+02 seconds.
   Finished KCI, laplace kernel, time = 1.082955e+02 seconds.
   Finished KCI, heavytail kernel, time = 1.194975e+02 seconds.
   Finished partial correlation, time = 9.752860e-01 seconds.
   Finished conditional correlation, time = 5.544240e-01 seconds.
   Finished conditional mutual information, time = 2.102145e+01 seconds.
Time for experiment 27, N=600 is 4.530615e+02
Experiment #28, sampling from bayes net.
   Finished KCI, linear kernel, time = 8.981779e+01 seconds.
   Finished KCI, gaussian kernel, time = 1.158053e+02 seconds.
   Finished KCI, laplace kernel, time = 1.089697e+02 seconds.
   Finished KCI, heavytail kernel, time = 1.122872e+02 seconds.
   Finished partial correlation, time = 9.722560e-01 seconds.
   Finished conditional correlation, time = 5.399150e-01 seconds.
   Finished conditional mutual information, time = 2.067877e+01 seconds.
Time for experiment 28, N=600 is 4.490710e+02
Experiment #29, sampling from bayes net.
   Finished KCI, linear kernel, time = 8.940946e+01 seconds.
   Finished KCI, gaussian kernel, time = 1.037805e+02 seconds.
   Finished KCI, laplace kernel, time = 9.399673e+01 seconds.
   Finished KCI, heavytail kernel, time = 1.039617e+02 seconds.
   Finished partial correlation, time = 9.430860e-01 seconds.
   Finished conditional correlation, time = 6.267930e-01 seconds.
   Finished conditional mutual information, time = 1.995209e+01 seconds.
Time for experiment 29, N=600 is 4.126704e+02
Experiment #30, sampling from bayes net.
   Finished KCI, linear kernel, time = 7.738955e+01 seconds.
   Finished KCI, gaussian kernel, time = 9.651818e+01 seconds.
   Finished KCI, laplace kernel, time = 9.319525e+01 seconds.
   Finished KCI, heavytail kernel, time = 1.044556e+02 seconds.
   Finished partial correlation, time = 9.421060e-01 seconds.
   Finished conditional correlation, time = 4.708670e-01 seconds.
   Finished conditional mutual information, time = 1.990521e+01 seconds.
Time for experiment 30, N=600 is 3.928768e+02
>> >> Total running time for all experiments is 3.128476e+04 seconds.
>> >> >> >> 